<?xml version="1.0" encoding="utf-8"?>
<TestRun id="3884f041-d99c-40ac-bed8-37ec1854d648" name="limpi@LUCI 2026-08-11 21:58:25" runUser="LUCI\limpi" xmlns="http://microsoft.com/schemas/VisualStudio/TeamTest/2010">
  <Times creation="2026-08-11T21:58:25.4539088-04:00" queuing="2026-08-11T21:58:25.4539092-04:00" start="2026-08-11T21:58:23.3974205-04:00" finish="2026-08-11T21:58:30.3823071-04:00" />
  <TestSettings name="default" id="47c060ed-b271-439a-a564-27545f2ddefa">
    <Deployment runDeploymentRoot="limpi_LUCI_2026-08-11_21_58_25" />
  </TestSettings>
  <Results>
    <UnitTestResult executionId="db6e8b15-88c9-469f-87a1-72ec9ed30e7f" testId="66943467-4c66-b835-e0e9-37dab06942d5" testName="WindowsUpdateAndPackageManager.Tests.PowerShellModuleTests.Build_returns_service_provider_with_required_services" computerName="LUCI" duration="00:00:00.0243415" startTime="2026-08-11T21:58:25.7295563-04:00" endTime="2026-08-11T21:58:25.7545613-04:00" testType="13cdc9d9-ddb5-4fa4-a97d-d965ccfc6d4b" outcome="Passed" testListId="8c84fa94-04c1-424b-9868-57a2d4851a1d" relativeResultsDirectory="db6e8b15-88c9-469f-87a1-72ec9ed30e7f" />
    <UnitTestResult executionId="b6ee3313-d7d9-4938-8015-dc4d0bdc4804" testId="0cf13032-cd59-f1a3-f393-cc6b2073464f" testName="WindowsUpdateAndPackageManager.Tests.AuthenticodeVerifierTests.Verify_returns_false_when_file_missing" computerName="LUCI" duration="00:00:00.0144939" startTime="2026-08-11T21:58:25.6199258-04:00" endTime="2026-08-11T21:58:25.6341217-04:00" testType="13cdc9d9-ddb5-4fa4-a97d-d965ccfc6d4b" outcome="Passed" testListId="8c84fa94-04c1-424b-9868-57a2d4851a1d" relativeResultsDirectory="b6ee3313-d7d9-4938-8015-dc4d0bdc4804" />
    <UnitTestResult executionId="a9dcc44b-4281-4e16-bcc8-366c9a6f0b2e" testId="878d07bf-d15e-0173-e9bb-c56cea2a8eca" testName="WindowsUpdateAndPackageManager.Tests.CliCommandTests.PackPackage_creates_zip_and_reports_sha256" computerName="LUCI" duration="00:00:00.0231041" startTime="2026-08-11T21:58:25.8651360-04:00" endTime="2026-08-11T21:58:25.8873751-04:00" testType="13cdc9d9-ddb5-4fa4-a97d-d965ccfc6d4b" outcome="Passed" testListId="8c84fa94-04c1-424b-9868-57a2d4851a1d" relativeResultsDirectory="a9dcc44b-4281-4e16-bcc8-366c9a6f0b2e" />
    <UnitTestResult executionId="269b5357-7049-4a9e-8c27-341f8246e529" testId="7a722499-c636-2a14-d6ae-2913b8cdb0ff" testName="WindowsUpdateAndPackageManager.Tests.PowerShellCmdletCoverageTests.Psm1_exports_delta_and_offline_cmdlets" computerName="LUCI" duration="00:00:00.1381531" startTime="2026-08-11T21:58:25.4199679-04:00" endTime="2026-08-11T21:58:25.5288089-04:00" testType="13cdc9d9-ddb5-4fa4-a97d-d965ccfc6d4b" outcome="Passed" testListId="8c84fa94-04c1-424b-9868-57a2d4851a1d" relativeResultsDirectory="269b5357-7049-4a9e-8c27-341f8246e529" />
    <UnitTestResult executionId="4285763d-ff6d-40fa-aebf-fa8254a0394c" testId="7be3f30b-e104-8ec3-9dcb-ff37576a689a" testName="WindowsUpdateAndPackageManager.Tests.WupmApiTests.Audit_endpoint_returns_ok_with_mock" computerName="LUCI" duration="00:00:00.1220500" startTime="2026-08-11T21:58:27.3623498-04:00" endTime="2026-08-11T21:58:27.4848934-04:00" testType="13cdc9d9-ddb5-4fa4-a97d-d965ccfc6d4b" outcome="Passed" testListId="8c84fa94-04c1-424b-9868-57a2d4851a1d" relativeResultsDirectory="4285763d-ff6d-40fa-aebf-fa8254a0394c" />
    <UnitTestResult executionId="6736ea51-a217-4761-9853-741572a86751" testId="c41b097e-ecb7-08d6-f76f-ac33b511ace5" testName="WindowsUpdateAndPackageManager.Tests.WupmApiTests.Packages_endpoint_returns_mocked_packages" computerName="LUCI" duration="00:00:00.0474113" startTime="2026-08-11T21:58:27.2525770-04:00" endTime="2026-08-11T21:58:27.2999916-04:00" testType="13cdc9d9-ddb5-4fa4-a97d-d965ccfc6d4b" outcome="Passed" testListId="8c84fa94-04c1-424b-9868-57a2d4851a1d" relativeResultsDirectory="6736ea51-a217-4761-9853-741572a86751" />
    <UnitTestResult executionId="5f22ca1e-a471-48f8-95de-06dc93769607" testId="21659a49-fe28-cf1b-5772-c8030524d6f4" testName="WindowsUpdateAndPackageManager.Tests.GitHubRepoClientTests.GetLatestReleaseAsync_returns_release_json" computerName="LUCI" duration="00:00:00.0393638" startTime="2026-08-11T21:58:25.2342080-04:00" endTime="2026-08-11T21:58:25.3740192-04:00" testType="13cdc9d9-ddb5-4fa4-a97d-d965ccfc6d4b" outcome="Passed" testListId="8c84fa94-04c1-424b-9868-57a2d4851a1d" relativeResultsDirectory="5f22ca1e-a471-48f8-95de-06dc93769607" />
    <UnitTestResult executionId="b25b90cb-6f12-4066-b505-caa52bd68a32" testId="f3a43363-fa93-6799-f3ce-3d5174e246bb" testName="WindowsUpdateAndPackageManager.Tests.SelfUpdaterTests.SelfUpdateAsync_returns_false_when_no_executable_in_zip" computerName="LUCI" duration="00:00:00.1817589" startTime="2026-08-11T21:58:25.6679813-04:00" endTime="2026-08-11T21:58:25.8565928-04:00" testType="13cdc9d9-ddb5-4fa4-a97d-d965ccfc6d4b" outcome="Passed" testListId="8c84fa94-04c1-424b-9868-57a2d4851a1d" relativeResultsDirectory="b25b90cb-6f12-4066-b505-caa52bd68a32" />
    <UnitTestResult executionId="666e3ea8-b3e2-4305-8226-6b655bec0355" testId="b2dc0488-3e39-7997-6b6a-559c73583f75" testName="WindowsUpdateAndPackageManager.Tests.PackageManagerTests.InstallAsync_records_audit_entry" computerName="LUCI" duration="00:00:00.0073984" startTime="2026-08-11T21:58:25.3827152-04:00" endTime="2026-08-11T21:58:25.3829013-04:00" testType="13cdc9d9-ddb5-4fa4-a97d-d965ccfc6d4b" outcome="Passed" testListId="8c84fa94-04c1-424b-9868-57a2d4851a1d" relativeResultsDirectory="666e3ea8-b3e2-4305-8226-6b655bec0355" />
    <UnitTestResult executionId="670474d7-4154-48bd-af27-2dcdd3964c77" testId="4465b276-241d-91a6-c120-43be4d59e36e" testName="WindowsUpdateAndPackageManager.Tests.VerifyCliTests.Verify_command_reports_fail_when_sha_mismatch" computerName="LUCI" duration="00:00:00.0085974" startTime="2026-08-11T21:58:30.1309524-04:00" endTime="2026-08-11T21:58:30.1396478-04:00" testType="13cdc9d9-ddb5-4fa4-a97d-d965ccfc6d4b" outcome="Passed" testListId="8c84fa94-04c1-424b-9868-57a2d4851a1d" relativeResultsDirectory="670474d7-4154-48bd-af27-2dcdd3964c77" />
    <UnitTestResult executionId="1c09badb-165d-40ae-857c-e02ee765fa83" testId="0cefbab3-88c0-68b0-17d1-a0bde032beef" testName="WindowsUpdateAndPackageManager.Tests.ServiceCliTests.Service_uninstall_prints_removed" computerName="LUCI" duration="00:00:00.0022548" startTime="2026-08-11T21:58:30.1447156-04:00" endTime="2026-08-11T21:58:30.1464302-04:00" testType="13cdc9d9-ddb5-4fa4-a97d-d965ccfc6d4b" outcome="Passed" testListId="8c84fa94-04c1-424b-9868-57a2d4851a1d" relativeResultsDirectory="1c09badb-165d-40ae-857c-e02ee765fa83" />
    <UnitTestResult executionId="da9a14f3-1894-4c74-aa09-34ca17925b05" testId="ef6d21ee-da60-dde0-8fe0-4acad50dac0c" testName="WindowsUpdateAndPackageManager.Tests.PowerShellCmdletExecutionTests.SyncRepositoryAsync_returns_sync_result" computerName="LUCI" duration="00:00:00.0301813" startTime="2026-08-11T21:58:25.7439717-04:00" endTime="2026-08-11T21:58:25.7711391-04:00" testType="13cdc9d9-ddb5-4fa4-a97d-d965ccfc6d4b" outcome="Passed" testListId="8c84fa94-04c1-424b-9868-57a2d4851a1d" relativeResultsDirectory="da9a14f3-1894-4c74-aa09-34ca17925b05" />
    <UnitTestResult executionId="319f83d5-26fa-4998-937a-064d811512ea" testId="c4d6f5ea-3e57-7de1-eca7-b4f6156a9314" testName="WindowsUpdateAndPackageManager.Tests.WupmApiTests.With_api_key_set_missing_header_returns_unauthorized" computerName="LUCI" duration="00:00:00.0618583" startTime="2026-08-11T21:58:26.4572489-04:00" endTime="2026-08-11T21:58:26.5238373-04:00" testType="13cdc9d9-ddb5-4fa4-a97d-d965ccfc6d4b" outcome="Passed" testListId="8c84fa94-04c1-424b-9868-57a2d4851a1d" relativeResultsDirectory="319f83d5-26fa-4998-937a-064d811512ea" />
    <UnitTestResult executionId="fac5c5d3-4dfc-426b-b55b-05a03f2339ef" testId="3f259117-9aec-9f8f-c27b-9addaaf2fe3b" testName="WindowsUpdateAndPackageManager.Tests.CliCommandTests.PackPackage_delta_manifest_contains_required_fields" computerName="LUCI" duration="00:00:00.1363648" startTime="2026-08-11T21:58:25.7029158-04:00" endTime="2026-08-11T21:58:25.8564434-04:00" testType="13cdc9d9-ddb5-4fa4-a97d-d965ccfc6d4b" outcome="Passed" testListId="8c84fa94-04c1-424b-9868-57a2d4851a1d" relativeResultsDirectory="fac5c5d3-4dfc-426b-b55b-05a03f2339ef" />
    <UnitTestResult executionId="eda3b769-d82d-402d-a511-44f8f84b2601" testId="4e63a3b5-dea4-3715-4bfd-a2d0cfa231cd" testName="WindowsUpdateAndPackageManager.Tests.PackageDeltaProviderTests.ApplyDeltaAsync_returns_false_when_delta_missing" computerName="LUCI" duration="00:00:00.0044221" startTime="2026-08-11T21:58:25.8650620-04:00" endTime="2026-08-11T21:58:25.8682145-04:00" testType="13cdc9d9-ddb5-4fa4-a97d-d965ccfc6d4b" outcome="Passed" testListId="8c84fa94-04c1-424b-9868-57a2d4851a1d" relativeResultsDirectory="eda3b769-d82d-402d-a511-44f8f84b2601" />
    <UnitTestResult executionId="8648c950-6298-4ada-aeaf-890d06e4c717" testId="9f13ddcc-8f73-d1de-9b40-c4a724f767bd" testName="WindowsUpdateAndPackageManager.Tests.DeltaEndToEndCliTests.PackageDeltaProvider_round_trip_writes_cached_wupkg" computerName="LUCI" duration="00:00:00.0221047" startTime="2026-08-11T21:58:30.2016912-04:00" endTime="2026-08-11T21:58:30.2306135-04:00" testType="13cdc9d9-ddb5-4fa4-a97d-d965ccfc6d4b" outcome="Passed" testListId="8c84fa94-04c1-424b-9868-57a2d4851a1d" relativeResultsDirectory="8648c950-6298-4ada-aeaf-890d06e4c717" />
    <UnitTestResult executionId="efb28296-c2ea-4459-bf51-1c950fc9627d" testId="025b45f0-2dcc-fac7-04f0-2e378aaea3ed" testName="WindowsUpdateAndPackageManager.Tests.ServiceCliTests.Service_install_prints_success" computerName="LUCI" duration="00:00:00.0020603" startTime="2026-08-11T21:58:30.1471026-04:00" endTime="2026-08-11T21:58:30.1486651-04:00" testType="13cdc9d9-ddb5-4fa4-a97d-d965ccfc6d4b" outcome="Passed" testListId="8c84fa94-04c1-424b-9868-57a2d4851a1d" relativeResultsDirectory="efb28296-c2ea-4459-bf51-1c950fc9627d" />
    <UnitTestResult executionId="21df18bb-ada8-42cd-8721-af681e00775e" testId="334a5ee3-f84e-e091-306b-35167519f870" testName="WindowsUpdateAndPackageManager.Tests.OfflineImageServiceTests.MountOrOpenAsync_returns_failed_when_path_missing" computerName="LUCI" duration="00:00:00.2693883" startTime="2026-08-11T21:58:25.4183667-04:00" endTime="2026-08-11T21:58:25.6550089-04:00" testType="13cdc9d9-ddb5-4fa4-a97d-d965ccfc6d4b" outcome="Passed" testListId="8c84fa94-04c1-424b-9868-57a2d4851a1d" relativeResultsDirectory="21df18bb-ada8-42cd-8721-af681e00775e" />
    <UnitTestResult executionId="1c4f85a4-c000-4de0-bc10-328512e31115" testId="7c58c542-3af6-9b15-8f49-59d255f8a671" testName="WindowsUpdateAndPackageManager.Tests.WupmApiTests.Install_endpoint_uses_stricter_rate_limit_than_listing" computerName="LUCI" duration="00:00:00.4863890" startTime="2026-08-11T21:58:26.5242782-04:00" endTime="2026-08-11T21:58:27.0228785-04:00" testType="13cdc9d9-ddb5-4fa4-a97d-d965ccfc6d4b" outcome="Passed" testListId="8c84fa94-04c1-424b-9868-57a2d4851a1d" relativeResultsDirectory="1c4f85a4-c000-4de0-bc10-328512e31115" />
    <UnitTestResult executionId="e047fcca-2aa1-456e-b088-40950ba73a63" testId="f506f1a8-1f28-f19c-8dd9-d1b78db1df9e" testName="WindowsUpdateAndPackageManager.Tests.GitHubReleasePublisherTests.UploadAssetAsync_returns_asset_when_api_succeeds" computerName="LUCI" duration="00:00:00.0102813" startTime="2026-08-11T21:58:25.6605532-04:00" endTime="2026-08-11T21:58:25.6681181-04:00" testType="13cdc9d9-ddb5-4fa4-a97d-d965ccfc6d4b" outcome="Passed" testListId="8c84fa94-04c1-424b-9868-57a2d4851a1d" relativeResultsDirectory="e047fcca-2aa1-456e-b088-40950ba73a63" />
    <UnitTestResult executionId="a68eb140-0c5e-4860-b62c-d3f444b11e3c" testId="6e80f4ea-656a-6a36-2ae7-f3e044c16787" testName="WindowsUpdateAndPackageManager.Tests.RepositoryIndexParserTests.Rejects_missing_schema" computerName="LUCI" duration="00:00:00.0014141" startTime="2026-08-11T21:58:25.6151685-04:00" endTime="2026-08-11T21:58:25.6166402-04:00" testType="13cdc9d9-ddb5-4fa4-a97d-d965ccfc6d4b" outcome="Passed" testListId="8c84fa94-04c1-424b-9868-57a2d4851a1d" relativeResultsDirectory="a68eb140-0c5e-4860-b62c-d3f444b11e3c" />
    <UnitTestResult executionId="8d96e4a5-6738-44e3-9e4e-3377d0cc528d" testId="ad7be1b1-4170-84a7-7e42-7409c64f573e" testName="WindowsUpdateAndPackageManager.Tests.WupmApiTests.With_api_key_set_valid_xapikey_returns_ok" computerName="LUCI" duration="00:00:00.0570768" startTime="2026-08-11T21:58:27.3004772-04:00" endTime="2026-08-11T21:58:27.3616196-04:00" testType="13cdc9d9-ddb5-4fa4-a97d-d965ccfc6d4b" outcome="Passed" testListId="8c84fa94-04c1-424b-9868-57a2d4851a1d" relativeResultsDirectory="8d96e4a5-6738-44e3-9e4e-3377d0cc528d" />
    <UnitTestResult executionId="72abae46-8ce0-407b-abd4-3ca9a940b8f1" testId="2ac1aed0-f2e8-fdbc-33a9-b00d76278896" testName="WindowsUpdateAndPackageManager.Tests.RepositoryIndexSchemaTests.Rejects_unknown_schema_versions(version: &quot;&quot;)" computerName="LUCI" duration="00:00:00.0000234" startTime="2026-08-11T21:58:25.3706415-04:00" endTime="2026-08-11T21:58:25.3708350-04:00" testType="13cdc9d9-ddb5-4fa4-a97d-d965ccfc6d4b" outcome="Passed" testListId="8c84fa94-04c1-424b-9868-57a2d4851a1d" relativeResultsDirectory="72abae46-8ce0-407b-abd4-3ca9a940b8f1" />
    <UnitTestResult executionId="70dc6551-58ea-4ff7-a013-a1f45308a7e0" testId="d91a41c6-99b4-4744-758f-bfe50580684c" testName="WindowsUpdateAndPackageManager.Tests.GitHubReleasePublisherTests.PublishReleaseAsync_returns_false_when_api_returns_failure" computerName="LUCI" duration="00:00:00.0233217" startTime="2026-08-11T21:58:25.6352150-04:00" endTime="2026-08-11T21:58:25.6600718-04:00" testType="13cdc9d9-ddb5-4fa4-a97d-d965ccfc6d4b" outcome="Passed" testListId="8c84fa94-04c1-424b-9868-57a2d4851a1d" relativeResultsDirectory="70dc6551-58ea-4ff7-a013-a1f45308a7e0" />
    <UnitTestResult executionId="d09446a9-c6f5-4de4-b395-55061477e5b5" testId="65464ae6-f3a3-5165-60b7-4022c468b5e3" testName="WindowsUpdateAndPackageManager.Tests.CompositionTests.Cli_sync_command_is_wired" computerName="LUCI" duration="00:00:00.8296154" startTime="2026-08-11T21:58:25.2341030-04:00" endTime="2026-08-11T21:58:26.0733647-04:00" testType="13cdc9d9-ddb5-4fa4-a97d-d965ccfc6d4b" outcome="Passed" testListId="8c84fa94-04c1-424b-9868-57a2d4851a1d" relativeResultsDirectory="d09446a9-c6f5-4de4-b395-55061477e5b5" />
    <UnitTestResult executionId="9b04df96-374b-46c5-8f2c-d1cced948878" testId="b05bff9a-2cfd-5844-65b6-bbe4536ba64b" testName="WindowsUpdateAndPackageManager.Tests.ManifestMigratorTests.Migrate_downgrades_2_to_1_0" computerName="LUCI" duration="00:00:00.0017626" startTime="2026-08-11T21:58:25.7205862-04:00" endTime="2026-08-11T21:58:25.7282295-04:00" testType="13cdc9d9-ddb5-4fa4-a97d-d965ccfc6d4b" outcome="Passed" testListId="8c84fa94-04c1-424b-9868-57a2d4851a1d" relativeResultsDirectory="9b04df96-374b-46c5-8f2c-d1cced948878" />
    <UnitTestResult executionId="ef2beb93-2ed3-4c2f-8baa-70f066f61113" testId="dbe13ab9-98e9-70c0-77b7-561e586f91bf" testName="WindowsUpdateAndPackageManager.Tests.OfflineImageServiceTests.ApplyPackageAsync_returns_failed_when_mount_missing" computerName="LUCI" duration="00:00:00.0071050" startTime="2026-08-11T21:58:25.6554719-04:00" endTime="2026-08-11T21:58:25.6618312-04:00" testType="13cdc9d9-ddb5-4fa4-a97d-d965ccfc6d4b" outcome="Passed" testListId="8c84fa94-04c1-424b-9868-57a2d4851a1d" relativeResultsDirectory="ef2beb93-2ed3-4c2f-8baa-70f066f61113" />
    <UnitTestResult executionId="3ef96d5e-ea79-4c74-ad3f-a46e77d65a03" testId="1f7b7913-66be-e132-01de-cefbd2756984" testName="WindowsUpdateAndPackageManager.Tests.OfflineImageIntegrationTests.MountAndDismount_real_wim_requires_admin" computerName="LUCI" duration="00:00:00.0010000" startTime="2026-08-11T21:58:25.3859973-04:00" endTime="2026-08-11T21:58:25.3868301-04:00" testType="13cdc9d9-ddb5-4fa4-a97d-d965ccfc6d4b" outcome="NotExecuted" testListId="8c84fa94-04c1-424b-9868-57a2d4851a1d" relativeResultsDirectory="3ef96d5e-ea79-4c74-ad3f-a46e77d65a03">
      <Output>
        <ErrorInfo>
          <Message>Requires Windows, administrator privileges, and a real WIM/FS layout. Use `dotnet test --filter "FullyQualifiedName~OfflineImageIntegrationTests"` on Windows to run.</Message>
        </ErrorInfo>
      </Output>
    </UnitTestResult>
    <UnitTestResult executionId="13143515-571d-405c-837a-c059a9554f4e" testId="22332594-d376-c067-322a-d94362cb7903" testName="WindowsUpdateAndPackageManager.Tests.SignaturePolicyTests.AuthenticodeVerifier_returns_false_for_unsigned_file" computerName="LUCI" duration="00:00:00.0008369" startTime="2026-08-11T21:58:25.7368877-04:00" endTime="2026-08-11T21:58:25.7370344-04:00" testType="13cdc9d9-ddb5-4fa4-a97d-d965ccfc6d4b" outcome="Passed" testListId="8c84fa94-04c1-424b-9868-57a2d4851a1d" relativeResultsDirectory="13143515-571d-405c-837a-c059a9554f4e" />
    <UnitTestResult executionId="ad349c44-12b2-4d3f-8674-059c27a54e70" testId="88972436-2fab-f1dd-045c-061453c5c7df" testName="WindowsUpdateAndPackageManager.Tests.ManifestMigratorTests.Migrate_returns_null_for_missing_schemaVersion" computerName="LUCI" duration="00:00:00.0101546" startTime="2026-08-11T21:58:25.7042370-04:00" endTime="2026-08-11T21:58:25.7145923-04:00" testType="13cdc9d9-ddb5-4fa4-a97d-d965ccfc6d4b" outcome="Passed" testListId="8c84fa94-04c1-424b-9868-57a2d4851a1d" relativeResultsDirectory="ad349c44-12b2-4d3f-8674-059c27a54e70" />
    <UnitTestResult executionId="37fa29a0-e8a1-40f6-a009-fd4c6d4492e3" testId="391e5ba0-11c4-fe48-bfa0-339bbad66871" testName="WindowsUpdateAndPackageManager.Tests.DeltaOfflineCliTests.DeltaUpdate_prints_applied_when_delta_succeeds" computerName="LUCI" duration="00:00:00.0057638" startTime="2026-08-11T21:58:30.1678332-04:00" endTime="2026-08-11T21:58:30.1733026-04:00" testType="13cdc9d9-ddb5-4fa4-a97d-d965ccfc6d4b" outcome="Passed" testListId="8c84fa94-04c1-424b-9868-57a2d4851a1d" relativeResultsDirectory="37fa29a0-e8a1-40f6-a009-fd4c6d4492e3" />
    <UnitTestResult executionId="e3e59955-a7d1-45b2-a488-d208b0184640" testId="041c55c8-c8dd-f0d7-34cf-7ec02764855a" testName="WindowsUpdateAndPackageManager.Tests.RollbackManagerTests.RollbackAsync_returns_false_when_no_installed_packages" computerName="LUCI" duration="00:00:00.0051798" startTime="2026-08-11T21:58:25.3851787-04:00" endTime="2026-08-11T21:58:25.4185686-04:00" testType="13cdc9d9-ddb5-4fa4-a97d-d965ccfc6d4b" outcome="Passed" testListId="8c84fa94-04c1-424b-9868-57a2d4851a1d" relativeResultsDirectory="e3e59955-a7d1-45b2-a488-d208b0184640" />
    <UnitTestResult executionId="bdb807c1-3494-4c40-8397-cc951dcd1446" testId="af142cef-fc00-fbc8-d861-3c7f5a56ec3a" testName="WindowsUpdateAndPackageManager.Tests.RepositoryIndexSchemaTests.Rejects_index_with_missing_schemaVersion" computerName="LUCI" duration="00:00:00.0010326" startTime="2026-08-11T21:58:25.3713809-04:00" endTime="2026-08-11T21:58:25.3715467-04:00" testType="13cdc9d9-ddb5-4fa4-a97d-d965ccfc6d4b" outcome="Passed" testListId="8c84fa94-04c1-424b-9868-57a2d4851a1d" relativeResultsDirectory="bdb807c1-3494-4c40-8397-cc951dcd1446" />
    <UnitTestResult executionId="1def4b48-a294-46f1-833d-d9e486d69b92" testId="6b453721-016b-ad37-db7a-c2a871eb08e1" testName="WindowsUpdateAndPackageManager.Tests.PowerShellCmdletExecutionTests.QueryAuditAsync_returns_entries" computerName="LUCI" duration="00:00:00.0334698" startTime="2026-08-11T21:58:25.7077462-04:00" endTime="2026-08-11T21:58:25.7434440-04:00" testType="13cdc9d9-ddb5-4fa4-a97d-d965ccfc6d4b" outcome="Passed" testListId="8c84fa94-04c1-424b-9868-57a2d4851a1d" relativeResultsDirectory="1def4b48-a294-46f1-833d-d9e486d69b92" />
    <UnitTestResult executionId="d5503dbe-1a8a-4e5d-902f-7de44f89b4f5" testId="e18f19e2-82b2-24ed-86eb-1efba8380bde" testName="WindowsUpdateAndPackageManager.Tests.PowerShellCmdletExecutionTests.MountOfflineImageAsync_returns_result" computerName="LUCI" duration="00:00:00.0036536" startTime="2026-08-11T21:58:25.7871518-04:00" endTime="2026-08-11T21:58:25.7888368-04:00" testType="13cdc9d9-ddb5-4fa4-a97d-d965ccfc6d4b" outcome="Passed" testListId="8c84fa94-04c1-424b-9868-57a2d4851a1d" relativeResultsDirectory="d5503dbe-1a8a-4e5d-902f-7de44f89b4f5" />
    <UnitTestResult executionId="57747fab-9301-43dc-b54d-e3c8e37c0787" testId="18482734-5f25-3dda-e47f-c9109870055a" testName="WindowsUpdateAndPackageManager.Tests.ManifestMigratorTests.Migrate_returns_same_when_already_target_version" computerName="LUCI" duration="00:00:00.0018532" startTime="2026-08-11T21:58:25.7151289-04:00" endTime="2026-08-11T21:58:25.7162149-04:00" testType="13cdc9d9-ddb5-4fa4-a97d-d965ccfc6d4b" outcome="Passed" testListId="8c84fa94-04c1-424b-9868-57a2d4851a1d" relativeResultsDirectory="57747fab-9301-43dc-b54d-e3c8e37c0787" />
    <UnitTestResult executionId="da50d987-f97d-44dc-ad31-d1c1a8782944" testId="fa62f613-e74e-d715-4a0e-d8f01ca7e14e" testName="WindowsUpdateAndPackageManager.Tests.DriverPolicyTests.DefaultDriverVerifier_returns_true_when_required_fields_present" computerName="LUCI" duration="00:00:00.0025850" startTime="2026-08-11T21:58:25.3837205-04:00" endTime="2026-08-11T21:58:25.3839082-04:00" testType="13cdc9d9-ddb5-4fa4-a97d-d965ccfc6d4b" outcome="Passed" testListId="8c84fa94-04c1-424b-9868-57a2d4851a1d" relativeResultsDirectory="da50d987-f97d-44dc-ad31-d1c1a8782944" />
    <UnitTestResult executionId="b528b3b2-9ae9-4831-bf9c-5d649a74de39" testId="f1e382bc-72f0-f215-6683-455d9e8d3e95" testName="WindowsUpdateAndPackageManager.Tests.WupmApiTests.Install_endpoint_returns_ok_with_mock" computerName="LUCI" duration="00:00:00.0660652" startTime="2026-08-11T21:58:27.4856211-04:00" endTime="2026-08-11T21:58:27.5528820-04:00" testType="13cdc9d9-ddb5-4fa4-a97d-d965ccfc6d4b" outcome="Passed" testListId="8c84fa94-04c1-424b-9868-57a2d4851a1d" relativeResultsDirectory="b528b3b2-9ae9-4831-bf9c-5d649a74de39" />
    <UnitTestResult executionId="18a031be-a247-482f-a57a-79f3415e9b30" testId="70da0f87-25ad-e1c7-bad8-cd43134e8985" testName="WindowsUpdateAndPackageManager.Tests.ManifestMigratorTests.Migrate_upgrades_1_0_to_2" computerName="LUCI" duration="00:00:00.0019178" startTime="2026-08-11T21:58:25.7187101-04:00" endTime="2026-08-11T21:58:25.7201697-04:00" testType="13cdc9d9-ddb5-4fa4-a97d-d965ccfc6d4b" outcome="Passed" testListId="8c84fa94-04c1-424b-9868-57a2d4851a1d" relativeResultsDirectory="18a031be-a247-482f-a57a-79f3415e9b30" />
    <UnitTestResult executionId="40a8c0bc-58c4-4b7d-9a79-b52a6c86aff0" testId="f9f5478e-7641-d092-dd99-8f8df6e6e5e4" testName="WindowsUpdateAndPackageManager.Tests.WupmApiTests.Sync_endpoint_returns_ok_with_mock" computerName="LUCI" duration="00:00:00.1157664" startTime="2026-08-11T21:58:27.1360116-04:00" endTime="2026-08-11T21:58:27.2518940-04:00" testType="13cdc9d9-ddb5-4fa4-a97d-d965ccfc6d4b" outcome="Passed" testListId="8c84fa94-04c1-424b-9868-57a2d4851a1d" relativeResultsDirectory="40a8c0bc-58c4-4b7d-9a79-b52a6c86aff0" />
    <UnitTestResult executionId="133ba14a-0208-489c-b8c0-fdff4337d650" testId="5277f963-076f-cb82-80db-c4a914380305" testName="WindowsUpdateAndPackageManager.Tests.PackageManagerTests.InstallAsync_returns_not_cached_when_missing" computerName="LUCI" duration="00:00:00.0014323" startTime="2026-08-11T21:58:25.3812743-04:00" endTime="2026-08-11T21:58:25.3814791-04:00" testType="13cdc9d9-ddb5-4fa4-a97d-d965ccfc6d4b" outcome="Passed" testListId="8c84fa94-04c1-424b-9868-57a2d4851a1d" relativeResultsDirectory="133ba14a-0208-489c-b8c0-fdff4337d650" />
    <UnitTestResult executionId="f758c350-981e-4ed4-9424-c1ed929f91b3" testId="a5906050-30cb-a35c-9c3b-1ab956023b51" testName="WindowsUpdateAndPackageManager.Tests.ManifestMigratorTests.Migrate_returns_null_for_unsupported_transition" computerName="LUCI" duration="00:00:00.0013087" startTime="2026-08-11T21:58:25.7167074-04:00" endTime="2026-08-11T21:58:25.7176012-04:00" testType="13cdc9d9-ddb5-4fa4-a97d-d965ccfc6d4b" outcome="Passed" testListId="8c84fa94-04c1-424b-9868-57a2d4851a1d" relativeResultsDirectory="f758c350-981e-4ed4-9424-c1ed929f91b3" />
    <UnitTestResult executionId="9b637f7f-9a79-4fb8-afb8-9d6592de8bbd" testId="03cd606c-34ef-61c1-2a20-11c932042f6c" testName="WindowsUpdateAndPackageManager.Tests.PowerShellCmdletExecutionTests.InstallPackageAsync_returns_install_result" computerName="LUCI" duration="00:00:00.0111631" startTime="2026-08-11T21:58:25.7892914-04:00" endTime="2026-08-11T21:58:25.8001534-04:00" testType="13cdc9d9-ddb5-4fa4-a97d-d965ccfc6d4b" outcome="Passed" testListId="8c84fa94-04c1-424b-9868-57a2d4851a1d" relativeResultsDirectory="9b637f7f-9a79-4fb8-afb8-9d6592de8bbd" />
    <UnitTestResult executionId="b3332ca1-0cb2-4bc6-9bb7-dd3da530f3ee" testId="7614f708-a25e-8169-348b-f1346b665880" testName="WindowsUpdateAndPackageManager.Tests.RepositoryIndexSchemaTests.Validates_supported_schema_versions(version: &quot;1.0&quot;)" computerName="LUCI" duration="00:00:00.0004922" startTime="2026-08-11T21:58:25.3093565-04:00" endTime="2026-08-11T21:58:25.3096013-04:00" testType="13cdc9d9-ddb5-4fa4-a97d-d965ccfc6d4b" outcome="Passed" testListId="8c84fa94-04c1-424b-9868-57a2d4851a1d" relativeResultsDirectory="b3332ca1-0cb2-4bc6-9bb7-dd3da530f3ee" />
    <UnitTestResult executionId="4248ffbe-2df8-420c-a07a-282fdce0c496" testId="5946132b-52a3-6e77-1b7e-a63d2890c79c" testName="WindowsUpdateAndPackageManager.Tests.PowerShellCmdletExecutionTests.ApplyPackageToImageAsync_returns_result" computerName="LUCI" duration="00:00:00.0181049" startTime="2026-08-11T21:58:25.6822682-04:00" endTime="2026-08-11T21:58:25.7013115-04:00" testType="13cdc9d9-ddb5-4fa4-a97d-d965ccfc6d4b" outcome="Passed" testListId="8c84fa94-04c1-424b-9868-57a2d4851a1d" relativeResultsDirectory="4248ffbe-2df8-420c-a07a-282fdce0c496" />
    <UnitTestResult executionId="8d578665-d310-494d-84b3-9ade27171aee" testId="aa827e1d-abba-c4a6-5d0c-b6d290fd44b3" testName="WindowsUpdateAndPackageManager.Tests.ServiceCliTests.Service_status_prints_status" computerName="LUCI" duration="00:00:00.0038069" startTime="2026-08-11T21:58:30.1404738-04:00" endTime="2026-08-11T21:58:30.1439321-04:00" testType="13cdc9d9-ddb5-4fa4-a97d-d965ccfc6d4b" outcome="Passed" testListId="8c84fa94-04c1-424b-9868-57a2d4851a1d" relativeResultsDirectory="8d578665-d310-494d-84b3-9ade27171aee" />
    <UnitTestResult executionId="b3311cac-5a18-4281-b1b8-bf51508ba436" testId="abaadeca-5fd5-540e-25c2-4a8638a1ca62" testName="WindowsUpdateAndPackageManager.Tests.RepositoryIndexSchemaTests.Rejects_unknown_schema_versions(version: &quot;0.9&quot;)" computerName="LUCI" duration="00:00:00.0013207" startTime="2026-08-11T21:58:25.3133372-04:00" endTime="2026-08-11T21:58:25.3135004-04:00" testType="13cdc9d9-ddb5-4fa4-a97d-d965ccfc6d4b" outcome="Passed" testListId="8c84fa94-04c1-424b-9868-57a2d4851a1d" relativeResultsDirectory="b3311cac-5a18-4281-b1b8-bf51508ba436" />
    <UnitTestResult executionId="54bcf9c6-d5a0-4423-94be-20d4598712eb" testId="e4260cd3-3ad1-f4c9-cf51-340d2414197d" testName="WindowsUpdateAndPackageManager.Tests.DoctorCliTests.Doctor_command_prints_environment_and_connectivity_diagnostics" computerName="LUCI" duration="00:00:04.4164734" startTime="2026-08-11T21:58:25.6869668-04:00" endTime="2026-08-11T21:58:30.1014978-04:00" testType="13cdc9d9-ddb5-4fa4-a97d-d965ccfc6d4b" outcome="Passed" testListId="8c84fa94-04c1-424b-9868-57a2d4851a1d" relativeResultsDirectory="54bcf9c6-d5a0-4423-94be-20d4598712eb" />
    <UnitTestResult executionId="422285b1-caeb-4c22-87b8-6ea78d22fec0" testId="107a24b7-be97-c149-8d49-58bc80f0c8ce" testName="WindowsUpdateAndPackageManager.Tests.RepositoryIndexSchemaTests.Rejects_unknown_schema_versions(version: &quot;3&quot;)" computerName="LUCI" duration="00:00:00.0003675" startTime="2026-08-11T21:58:25.3137994-04:00" endTime="2026-08-11T21:58:25.3139255-04:00" testType="13cdc9d9-ddb5-4fa4-a97d-d965ccfc6d4b" outcome="Passed" testListId="8c84fa94-04c1-424b-9868-57a2d4851a1d" relativeResultsDirectory="422285b1-caeb-4c22-87b8-6ea78d22fec0" />
    <UnitTestResult executionId="56f7ee03-585e-4ade-9aab-0b3eebe27ad9" testId="092cefab-11f3-3b0d-3ef2-d3d6c17c33aa" testName="WindowsUpdateAndPackageManager.Tests.RepoClientTests.DownloadPackageAsync_returns_stream_with_content" computerName="LUCI" duration="00:00:00.4210815" startTime="2026-08-11T21:58:25.2341586-04:00" endTime="2026-08-11T21:58:25.6652630-04:00" testType="13cdc9d9-ddb5-4fa4-a97d-d965ccfc6d4b" outcome="Passed" testListId="8c84fa94-04c1-424b-9868-57a2d4851a1d" relativeResultsDirectory="56f7ee03-585e-4ade-9aab-0b3eebe27ad9" />
    <UnitTestResult executionId="c73e7778-c8f3-4d0d-805e-189f1a778b49" testId="1e29aeab-c4ca-fb1c-cc10-7100c9dec017" testName="WindowsUpdateAndPackageManager.Tests.GitHubRepoClientTests.DownloadIndexAsync_fetches_index_from_latest_release_asset" computerName="LUCI" duration="00:00:00.0185857" startTime="2026-08-11T21:58:25.3796798-04:00" endTime="2026-08-11T21:58:25.3845263-04:00" testType="13cdc9d9-ddb5-4fa4-a97d-d965ccfc6d4b" outcome="Passed" testListId="8c84fa94-04c1-424b-9868-57a2d4851a1d" relativeResultsDirectory="c73e7778-c8f3-4d0d-805e-189f1a778b49" />
    <UnitTestResult executionId="31b0c922-05c7-46a5-81cd-ed4161915466" testId="12e58943-933c-e0f2-4de5-ad88f5fc398b" testName="WindowsUpdateAndPackageManager.Tests.PowerShellCmdletExecutionTests.SetPolicyDeny_adds_to_denylist" computerName="LUCI" duration="00:00:00.0025721" startTime="2026-08-11T21:58:25.7018926-04:00" endTime="2026-08-11T21:58:25.7030917-04:00" testType="13cdc9d9-ddb5-4fa4-a97d-d965ccfc6d4b" outcome="Passed" testListId="8c84fa94-04c1-424b-9868-57a2d4851a1d" relativeResultsDirectory="31b0c922-05c7-46a5-81cd-ed4161915466" />
    <UnitTestResult executionId="a707262b-4394-4199-81db-b21d91106da8" testId="90828821-11f0-f0c1-b7bc-f474b2d61198" testName="WindowsUpdateAndPackageManager.Tests.SignaturePolicyTests.PackageManager_blocks_install_when_signature_verifier_fails" computerName="LUCI" duration="00:00:00.0081578" startTime="2026-08-11T21:58:25.7288844-04:00" endTime="2026-08-11T21:58:25.7328611-04:00" testType="13cdc9d9-ddb5-4fa4-a97d-d965ccfc6d4b" outcome="Passed" testListId="8c84fa94-04c1-424b-9868-57a2d4851a1d" relativeResultsDirectory="a707262b-4394-4199-81db-b21d91106da8" />
    <UnitTestResult executionId="955b7ff9-96d0-46db-b270-324ca828c1d1" testId="6ed7bf85-9af3-9ec3-ac08-533621610f0b" testName="WindowsUpdateAndPackageManager.Tests.PackageManagerTests.UninstallAsync_returns_not_installed_when_missing" computerName="LUCI" duration="00:00:00.0052631" startTime="2026-08-11T21:58:25.3790490-04:00" endTime="2026-08-11T21:58:25.3798849-04:00" testType="13cdc9d9-ddb5-4fa4-a97d-d965ccfc6d4b" outcome="Passed" testListId="8c84fa94-04c1-424b-9868-57a2d4851a1d" relativeResultsDirectory="955b7ff9-96d0-46db-b270-324ca828c1d1" />
    <UnitTestResult executionId="64cfc8df-794a-40bf-a9de-ebe47c22f50a" testId="cf63d5fd-121c-c610-0874-54b174e1bb4b" testName="WindowsUpdateAndPackageManager.Tests.SignaturePolicyTests.AuthenticodeVerifier_returns_true_when_allow_untrusted" computerName="LUCI" duration="00:00:00.0012496" startTime="2026-08-11T21:58:25.7332743-04:00" endTime="2026-08-11T21:58:25.7363916-04:00" testType="13cdc9d9-ddb5-4fa4-a97d-d965ccfc6d4b" outcome="Passed" testListId="8c84fa94-04c1-424b-9868-57a2d4851a1d" relativeResultsDirectory="64cfc8df-794a-40bf-a9de-ebe47c22f50a" />
    <UnitTestResult executionId="67e4aa5e-d617-4bf1-ada3-65576fec8f49" testId="99d2aaba-e4f3-e436-9355-ff4c6ea7c4ad" testName="WindowsUpdateAndPackageManager.Tests.GitHubReleasePublisherTests.CreateReleaseAsync_returns_release_when_api_succeeds" computerName="LUCI" duration="00:00:00.0354281" startTime="2026-08-11T21:58:25.6685040-04:00" endTime="2026-08-11T21:58:25.7037015-04:00" testType="13cdc9d9-ddb5-4fa4-a97d-d965ccfc6d4b" outcome="Passed" testListId="8c84fa94-04c1-424b-9868-57a2d4851a1d" relativeResultsDirectory="67e4aa5e-d617-4bf1-ada3-65576fec8f49" />
    <UnitTestResult executionId="1b65830b-6abc-4749-aebe-153827fa0eb2" testId="3a0b5fbe-6b84-eec8-80de-691ac92786c7" testName="WindowsUpdateAndPackageManager.Tests.PackageDeltaProviderTests.ApplyDeltaAsync_returns_true_when_delta_applied" computerName="LUCI" duration="00:00:00.1089193" startTime="2026-08-11T21:58:25.7450161-04:00" endTime="2026-08-11T21:58:25.8569200-04:00" testType="13cdc9d9-ddb5-4fa4-a97d-d965ccfc6d4b" outcome="Passed" testListId="8c84fa94-04c1-424b-9868-57a2d4851a1d" relativeResultsDirectory="1b65830b-6abc-4749-aebe-153827fa0eb2" />
    <UnitTestResult executionId="05cff6d2-3926-4cce-82ba-91a0037f26e8" testId="53bd137f-e032-4fbe-a536-380979ed2ede" testName="WindowsUpdateAndPackageManager.Tests.PowerShellCmdletExecutionTests.SetPolicyAllow_adds_to_allowlist" computerName="LUCI" duration="00:00:00.0016103" startTime="2026-08-11T21:58:25.8006397-04:00" endTime="2026-08-11T21:58:25.8018841-04:00" testType="13cdc9d9-ddb5-4fa4-a97d-d965ccfc6d4b" outcome="Passed" testListId="8c84fa94-04c1-424b-9868-57a2d4851a1d" relativeResultsDirectory="05cff6d2-3926-4cce-82ba-91a0037f26e8" />
    <UnitTestResult executionId="f9ab5d22-b196-4732-bd6c-b6bb307d5518" testId="4b745a9e-eb5d-25f7-5f66-9f7e2a7e9701" testName="WindowsUpdateAndPackageManager.Tests.RepositoryIndexSchemaTests.Validates_supported_schema_versions(version: &quot;2&quot;)" computerName="LUCI" duration="00:00:00.0119843" startTime="2026-08-11T21:58:25.2339262-04:00" endTime="2026-08-11T21:58:25.2649773-04:00" testType="13cdc9d9-ddb5-4fa4-a97d-d965ccfc6d4b" outcome="Passed" testListId="8c84fa94-04c1-424b-9868-57a2d4851a1d" relativeResultsDirectory="f9ab5d22-b196-4732-bd6c-b6bb307d5518" />
    <UnitTestResult executionId="74adbadc-3a3c-429d-8ce8-89496ee14874" testId="33221bce-17f3-2e9a-708f-fcb0d213944e" testName="WindowsUpdateAndPackageManager.Tests.WupmApiTests.With_mtls_enabled_without_client_certificate_returns_forbidden" computerName="LUCI" duration="00:00:00.1117457" startTime="2026-08-11T21:58:27.0248261-04:00" endTime="2026-08-11T21:58:27.1353387-04:00" testType="13cdc9d9-ddb5-4fa4-a97d-d965ccfc6d4b" outcome="Passed" testListId="8c84fa94-04c1-424b-9868-57a2d4851a1d" relativeResultsDirectory="74adbadc-3a3c-429d-8ce8-89496ee14874" />
    <UnitTestResult executionId="95b09fa4-3e3f-4851-b75e-91623f86fe23" testId="2a759faf-ccb3-6ca1-10e7-3ca7ac334f9b" testName="WindowsUpdateAndPackageManager.Tests.WupmApiTests.With_api_key_set_valid_bearer_returns_ok" computerName="LUCI" duration="00:00:00.0773456" startTime="2026-08-11T21:58:27.5536228-04:00" endTime="2026-08-11T21:58:27.6313341-04:00" testType="13cdc9d9-ddb5-4fa4-a97d-d965ccfc6d4b" outcome="Passed" testListId="8c84fa94-04c1-424b-9868-57a2d4851a1d" relativeResultsDirectory="95b09fa4-3e3f-4851-b75e-91623f86fe23" />
    <UnitTestResult executionId="5d6d2243-898c-4da5-93a4-54a891c5bb29" testId="32325670-df0e-3cdd-b808-eb6573182d95" testName="WindowsUpdateAndPackageManager.Tests.AuthenticodeFlowTests.InstallAsync_blocks_when_signature_verification_fails" computerName="LUCI" duration="00:00:00.4079646" startTime="2026-08-11T21:58:25.3784451-04:00" endTime="2026-08-11T21:58:25.7290300-04:00" testType="13cdc9d9-ddb5-4fa4-a97d-d965ccfc6d4b" outcome="Passed" testListId="8c84fa94-04c1-424b-9868-57a2d4851a1d" relativeResultsDirectory="5d6d2243-898c-4da5-93a4-54a891c5bb29" />
    <UnitTestResult executionId="a000a9a6-5f0c-49fd-ba46-4f1fa7a45aa6" testId="b9904de8-0ea1-b67e-15e2-0a00b8013434" testName="WindowsUpdateAndPackageManager.Tests.VerifyCliTests.Verify_command_reports_pass_for_valid_file_with_sha" computerName="LUCI" duration="00:00:00.0248045" startTime="2026-08-11T21:58:30.1046120-04:00" endTime="2026-08-11T21:58:30.1302734-04:00" testType="13cdc9d9-ddb5-4fa4-a97d-d965ccfc6d4b" outcome="Passed" testListId="8c84fa94-04c1-424b-9868-57a2d4851a1d" relativeResultsDirectory="a000a9a6-5f0c-49fd-ba46-4f1fa7a45aa6" />
    <UnitTestResult executionId="6201be65-a99c-4ce8-856e-c7b79a181816" testId="b42dbf5b-23db-30cc-73b8-51e71fffe0f6" testName="WindowsUpdateAndPackageManager.Tests.PackageManagerTests.InstallAsync_returns_success_when_already_installed" computerName="LUCI" duration="00:00:00.1210641" startTime="2026-08-11T21:58:25.2340446-04:00" endTime="2026-08-11T21:58:25.3785996-04:00" testType="13cdc9d9-ddb5-4fa4-a97d-d965ccfc6d4b" outcome="Passed" testListId="8c84fa94-04c1-424b-9868-57a2d4851a1d" relativeResultsDirectory="6201be65-a99c-4ce8-856e-c7b79a181816" />
    <UnitTestResult executionId="930279e5-ee91-4c40-860b-7bf6137abd98" testId="770a81d4-e9aa-1900-3754-7a5ececf383e" testName="WindowsUpdateAndPackageManager.Tests.GitHubRepoClientTests.DownloadPackageAsync_sends_user_agent_and_returns_stream" computerName="LUCI" duration="00:00:00.0817961" startTime="2026-08-11T21:58:25.3745588-04:00" endTime="2026-08-11T21:58:25.3792384-04:00" testType="13cdc9d9-ddb5-4fa4-a97d-d965ccfc6d4b" outcome="Passed" testListId="8c84fa94-04c1-424b-9868-57a2d4851a1d" relativeResultsDirectory="930279e5-ee91-4c40-860b-7bf6137abd98" />
    <UnitTestResult executionId="ed4e4640-4bb4-4b95-82e6-8430525c0eb7" testId="fae4b691-a762-107a-91ee-a4a42d926822" testName="WindowsUpdateAndPackageManager.Tests.SelfUpdaterTests.SelfUpdateAsync_returns_true_and_launches_updater" computerName="LUCI" duration="00:00:00.0323634" startTime="2026-08-11T21:58:25.8648688-04:00" endTime="2026-08-11T21:58:25.8970506-04:00" testType="13cdc9d9-ddb5-4fa4-a97d-d965ccfc6d4b" outcome="Passed" testListId="8c84fa94-04c1-424b-9868-57a2d4851a1d" relativeResultsDirectory="ed4e4640-4bb4-4b95-82e6-8430525c0eb7" />
    <UnitTestResult executionId="d92b7ed7-4924-4cb7-a63f-36d5299d400e" testId="3e7069c5-4162-17f8-2bf0-10a07ba6b834" testName="WindowsUpdateAndPackageManager.Tests.DriverPolicyTests.DefaultDriverVerifier_returns_false_when_inf_path_missing" computerName="LUCI" duration="00:00:00.0010944" startTime="2026-08-11T21:58:25.3843653-04:00" endTime="2026-08-11T21:58:25.3853509-04:00" testType="13cdc9d9-ddb5-4fa4-a97d-d965ccfc6d4b" outcome="Passed" testListId="8c84fa94-04c1-424b-9868-57a2d4851a1d" relativeResultsDirectory="d92b7ed7-4924-4cb7-a63f-36d5299d400e" />
    <UnitTestResult executionId="9bec0fe1-ad23-44df-849b-5d10e23d11d0" testId="c29ba8be-4db5-4945-b3d6-d8e9eec0fadb" testName="WindowsUpdateAndPackageManager.Tests.PowerShellCmdletExecutionTests.InvokeDeltaUpdateAsync_throws_when_no_delta" computerName="LUCI" duration="00:00:00.0137078" startTime="2026-08-11T21:58:25.7716227-04:00" endTime="2026-08-11T21:58:25.7866153-04:00" testType="13cdc9d9-ddb5-4fa4-a97d-d965ccfc6d4b" outcome="Passed" testListId="8c84fa94-04c1-424b-9868-57a2d4851a1d" relativeResultsDirectory="9bec0fe1-ad23-44df-849b-5d10e23d11d0" />
    <UnitTestResult executionId="ca7bec48-62f6-40e2-9f6b-9d17e30f4c65" testId="d95b70f9-583a-60a5-70ac-8d48fe13ca84" testName="WindowsUpdateAndPackageManager.Tests.DeltaOfflineCliTests.OfflineDismount_prints_dismount_failed_when_mount_missing" computerName="LUCI" duration="00:00:00.0053124" startTime="2026-08-11T21:58:30.1624004-04:00" endTime="2026-08-11T21:58:30.1673691-04:00" testType="13cdc9d9-ddb5-4fa4-a97d-d965ccfc6d4b" outcome="Passed" testListId="8c84fa94-04c1-424b-9868-57a2d4851a1d" relativeResultsDirectory="ca7bec48-62f6-40e2-9f6b-9d17e30f4c65" />
    <UnitTestResult executionId="7cdf2249-503f-410e-bf1c-51aed6a36d1f" testId="b836f1ac-74b7-4c0e-e4b9-abe9244c1343" testName="WindowsUpdateAndPackageManager.Tests.OfflineImageServiceTests.DismountAsync_returns_failed_when_mount_missing" computerName="LUCI" duration="00:00:00.0049320" startTime="2026-08-11T21:58:25.6629476-04:00" endTime="2026-08-11T21:58:25.6673959-04:00" testType="13cdc9d9-ddb5-4fa4-a97d-d965ccfc6d4b" outcome="Passed" testListId="8c84fa94-04c1-424b-9868-57a2d4851a1d" relativeResultsDirectory="7cdf2249-503f-410e-bf1c-51aed6a36d1f" />
    <UnitTestResult executionId="f7140e57-2dd3-4c6a-aa5b-186954c282a1" testId="de6eaa4a-8c3f-a697-34ad-3f0dba22ff70" testName="WindowsUpdateAndPackageManager.Tests.RepositoryIndexSchemaTests.Rejects_unknown_schema_versions(version: &quot;next&quot;)" computerName="LUCI" duration="00:00:00.0000268" startTime="2026-08-11T21:58:25.3695858-04:00" endTime="2026-08-11T21:58:25.3698165-04:00" testType="13cdc9d9-ddb5-4fa4-a97d-d965ccfc6d4b" outcome="Passed" testListId="8c84fa94-04c1-424b-9868-57a2d4851a1d" relativeResultsDirectory="f7140e57-2dd3-4c6a-aa5b-186954c282a1" />
    <UnitTestResult executionId="0025396f-3daf-442b-b96e-cd4560ad361e" testId="833df738-cfe9-5a74-e746-e23f4256e252" testName="WindowsUpdateAndPackageManager.Tests.WupmApiTests.Installed_endpoint_returns_mocked_installed" computerName="LUCI" duration="00:00:00.0693669" startTime="2026-08-11T21:58:26.3873133-04:00" endTime="2026-08-11T21:58:26.4568248-04:00" testType="13cdc9d9-ddb5-4fa4-a97d-d965ccfc6d4b" outcome="Passed" testListId="8c84fa94-04c1-424b-9868-57a2d4851a1d" relativeResultsDirectory="0025396f-3daf-442b-b96e-cd4560ad361e" />
    <UnitTestResult executionId="b01016ee-49d5-4328-a1cd-49a4cf9f6c9e" testId="f81b58cb-f829-44bc-2646-01982eecedd1" testName="WindowsUpdateAndPackageManager.Tests.DeltaOfflineCliTests.OfflineMount_prints_mount_failed_when_path_missing" computerName="LUCI" duration="00:00:00.0028056" startTime="2026-08-11T21:58:30.1831726-04:00" endTime="2026-08-11T21:58:30.1857680-04:00" testType="13cdc9d9-ddb5-4fa4-a97d-d965ccfc6d4b" outcome="Passed" testListId="8c84fa94-04c1-424b-9868-57a2d4851a1d" relativeResultsDirectory="b01016ee-49d5-4328-a1cd-49a4cf9f6c9e" />
    <UnitTestResult executionId="adf5c312-7dcc-4004-ad39-f3710d91a7fb" testId="9b9e972f-154a-9478-096b-61ce84e70318" testName="WindowsUpdateAndPackageManager.Tests.RepositoryIndexParserTests.Validates_good_index" computerName="LUCI" duration="00:00:00.0023209" startTime="2026-08-11T21:58:25.6171206-04:00" endTime="2026-08-11T21:58:25.6192260-04:00" testType="13cdc9d9-ddb5-4fa4-a97d-d965ccfc6d4b" outcome="Passed" testListId="8c84fa94-04c1-424b-9868-57a2d4851a1d" relativeResultsDirectory="adf5c312-7dcc-4004-ad39-f3710d91a7fb" />
    <UnitTestResult executionId="46dd6e1e-59a3-432d-8e35-9726f47e75af" testId="669ef5c8-ee4e-83dd-17d8-c5c9d32256ca" testName="WindowsUpdateAndPackageManager.Tests.RollbackCliTests.RollbackManager_returns_true_when_rollback_completes" computerName="LUCI" duration="00:00:00.1559807" startTime="2026-08-11T21:58:25.5295168-04:00" endTime="2026-08-11T21:58:25.6857207-04:00" testType="13cdc9d9-ddb5-4fa4-a97d-d965ccfc6d4b" outcome="Passed" testListId="8c84fa94-04c1-424b-9868-57a2d4851a1d" relativeResultsDirectory="46dd6e1e-59a3-432d-8e35-9726f47e75af" />
    <UnitTestResult executionId="23f68e47-dc7f-410d-ada4-eace006ff101" testId="450de30f-1c97-fea7-a593-30394479b75f" testName="WindowsUpdateAndPackageManager.Tests.WupmApiTests.Root_returns_ok_status" computerName="LUCI" duration="00:00:00.9954523" startTime="2026-08-11T21:58:25.2302148-04:00" endTime="2026-08-11T21:58:26.2346179-04:00" testType="13cdc9d9-ddb5-4fa4-a97d-d965ccfc6d4b" outcome="Passed" testListId="8c84fa94-04c1-424b-9868-57a2d4851a1d" relativeResultsDirectory="23f68e47-dc7f-410d-ada4-eace006ff101" />
    <UnitTestResult executionId="11169cba-94a2-40c0-8cdd-ce8b4a650340" testId="65ac97c8-c3ac-918c-012f-6f95395ce0bf" testName="WindowsUpdateAndPackageManager.Tests.DeltaEndToEndCliTests.DeltaUpdate_end_to_end_apply_delta_then_install_succeeds" computerName="LUCI" duration="00:00:00.0142232" startTime="2026-08-11T21:58:30.1865051-04:00" endTime="2026-08-11T21:58:30.2010762-04:00" testType="13cdc9d9-ddb5-4fa4-a97d-d965ccfc6d4b" outcome="Passed" testListId="8c84fa94-04c1-424b-9868-57a2d4851a1d" relativeResultsDirectory="11169cba-94a2-40c0-8cdd-ce8b4a650340" />
    <UnitTestResult executionId="b17d6ad7-b45c-48cc-8867-3bfc60d3a3ab" testId="06ffc801-494f-7722-9e62-1627a6c3d85c" testName="WindowsUpdateAndPackageManager.Tests.PublishCliTests.Publish_command_dry_run_prints_planned_artifacts" computerName="LUCI" duration="00:00:00.0125016" startTime="2026-08-11T21:58:30.1491402-04:00" endTime="2026-08-11T21:58:30.1616111-04:00" testType="13cdc9d9-ddb5-4fa4-a97d-d965ccfc6d4b" outcome="Passed" testListId="8c84fa94-04c1-424b-9868-57a2d4851a1d" relativeResultsDirectory="b17d6ad7-b45c-48cc-8867-3bfc60d3a3ab" />
    <UnitTestResult executionId="e9c46f9f-82d2-4500-ae35-62837eda3e56" testId="d2016b7b-8980-7709-8349-93568995b559" testName="WindowsUpdateAndPackageManager.Tests.DeltaOfflineCliTests.OfflineApply_prints_apply_failed_when_not_mounted" computerName="LUCI" duration="00:00:00.0052841" startTime="2026-08-11T21:58:30.1737766-04:00" endTime="2026-08-11T21:58:30.1787210-04:00" testType="13cdc9d9-ddb5-4fa4-a97d-d965ccfc6d4b" outcome="Passed" testListId="8c84fa94-04c1-424b-9868-57a2d4851a1d" relativeResultsDirectory="e9c46f9f-82d2-4500-ae35-62837eda3e56" />
    <UnitTestResult executionId="2024336a-9bca-4527-bd37-f0abb2d50be0" testId="895d829a-8974-5366-9db6-d97c18cc0890" testName="WindowsUpdateAndPackageManager.Tests.WupmApiTests.WindowsUpdate_endpoint_returns_ok_with_mock" computerName="LUCI" duration="00:00:00.1515152" startTime="2026-08-11T21:58:26.2351124-04:00" endTime="2026-08-11T21:58:26.3868132-04:00" testType="13cdc9d9-ddb5-4fa4-a97d-d965ccfc6d4b" outcome="Passed" testListId="8c84fa94-04c1-424b-9868-57a2d4851a1d" relativeResultsDirectory="2024336a-9bca-4527-bd37-f0abb2d50be0" />
    <UnitTestResult executionId="ef76e0eb-4cf0-4338-a559-1bc98a6bce0a" testId="a688e136-7e87-8ada-4bc0-475c144e3ad0" testName="WindowsUpdateAndPackageManager.Tests.PowerShellCmdletExecutionTests.DismountOfflineImageAsync_returns_result" computerName="LUCI" duration="00:00:00.0115564" startTime="2026-08-11T21:58:25.6705379-04:00" endTime="2026-08-11T21:58:25.6817757-04:00" testType="13cdc9d9-ddb5-4fa4-a97d-d965ccfc6d4b" outcome="Passed" testListId="8c84fa94-04c1-424b-9868-57a2d4851a1d" relativeResultsDirectory="ef76e0eb-4cf0-4338-a559-1bc98a6bce0a" />
    <UnitTestResult executionId="90d3d4d4-8bb6-41dd-ad9d-55515f0abe7b" testId="aa3fd276-438e-8343-2caa-0d2e8d7bb9ec" testName="WindowsUpdateAndPackageManager.Tests.RepoClientTests.DownloadIndexAsync_returns_index_text" computerName="LUCI" duration="00:00:00.0047139" startTime="2026-08-11T21:58:25.6656818-04:00" endTime="2026-08-11T21:58:25.6700015-04:00" testType="13cdc9d9-ddb5-4fa4-a97d-d965ccfc6d4b" outcome="Passed" testListId="8c84fa94-04c1-424b-9868-57a2d4851a1d" relativeResultsDirectory="90d3d4d4-8bb6-41dd-ad9d-55515f0abe7b" />
    <UnitTestResult executionId="28262129-ee1b-4aa1-857b-4bdc6e93b6de" testId="1c4b17cf-22ac-a1dd-db15-d06d566d7b51" testName="WindowsUpdateAndPackageManager.Tests.PowerShellCmdletExecutionTests.GetLatestReleaseAsync_returns_release_text" computerName="LUCI" duration="00:00:00.0044478" startTime="2026-08-11T21:58:25.7035570-04:00" endTime="2026-08-11T21:58:25.7072002-04:00" testType="13cdc9d9-ddb5-4fa4-a97d-d965ccfc6d4b" outcome="Passed" testListId="8c84fa94-04c1-424b-9868-57a2d4851a1d" relativeResultsDirectory="28262129-ee1b-4aa1-857b-4bdc6e93b6de" />
    <UnitTestResult executionId="616f57d4-27a0-4fbc-a8ee-83ffe2f6699b" testId="bf77aa3f-92cd-74f6-8f24-0d6defca6f58" testName="WindowsUpdateAndPackageManager.Tests.DeltaOfflineCliTests.DeltaUpdate_prints_no_delta_when_unavailable" computerName="LUCI" duration="00:00:00.0038768" startTime="2026-08-11T21:58:30.1796797-04:00" endTime="2026-08-11T21:58:30.1827930-04:00" testType="13cdc9d9-ddb5-4fa4-a97d-d965ccfc6d4b" outcome="Passed" testListId="8c84fa94-04c1-424b-9868-57a2d4851a1d" relativeResultsDirectory="616f57d4-27a0-4fbc-a8ee-83ffe2f6699b" />
    <UnitTestResult executionId="73087ed5-06b9-473e-ba78-7b0cdc568c24" testId="9c68b1ff-5569-f495-b194-89bc6e7980cc" testName="WindowsUpdateAndPackageManager.Tests.PackageManagerTests.InstallAsync_blocks_when_policy_denies" computerName="LUCI" duration="00:00:00.0010392" startTime="2026-08-11T21:58:25.3820127-04:00" endTime="2026-08-11T21:58:25.3821912-04:00" testType="13cdc9d9-ddb5-4fa4-a97d-d965ccfc6d4b" outcome="Passed" testListId="8c84fa94-04c1-424b-9868-57a2d4851a1d" relativeResultsDirectory="73087ed5-06b9-473e-ba78-7b0cdc568c24" />
  </Results>
  <TestDefinitions>
    <UnitTest name="WindowsUpdateAndPackageManager.Tests.AuthenticodeVerifierTests.Verify_returns_false_when_file_missing" storage="d:\projects\windowsupdatepackagemanager\tests\windowsupdateandpackagemanager.tests\bin\release\net10.0-windows\windowsupdateandpackagemanager.tests.dll" id="0cf13032-cd59-f1a3-f393-cc6b2073464f">
      <Execution id="b6ee3313-d7d9-4938-8015-dc4d0bdc4804" />
      <TestMethod codeBase="D:\Projects\WindowsUpdatePackageManager\tests\WindowsUpdateAndPackageManager.Tests\bin\Release\net10.0-windows\WindowsUpdateAndPackageManager.Tests.dll" adapterTypeName="executor://xunit/VsTestRunner3/netcore/" className="WindowsUpdateAndPackageManager.Tests.AuthenticodeVerifierTests" name="Verify_returns_false_when_file_missing" />
    </UnitTest>
    <UnitTest name="WindowsUpdateAndPackageManager.Tests.DeltaOfflineCliTests.OfflineMount_prints_mount_failed_when_path_missing" storage="d:\projects\windowsupdatepackagemanager\tests\windowsupdateandpackagemanager.tests\bin\release\net10.0-windows\windowsupdateandpackagemanager.tests.dll" id="f81b58cb-f829-44bc-2646-01982eecedd1">
      <Execution id="b01016ee-49d5-4328-a1cd-49a4cf9f6c9e" />
      <TestMethod codeBase="D:\Projects\WindowsUpdatePackageManager\tests\WindowsUpdateAndPackageManager.Tests\bin\Release\net10.0-windows\WindowsUpdateAndPackageManager.Tests.dll" adapterTypeName="executor://xunit/VsTestRunner3/netcore/" className="WindowsUpdateAndPackageManager.Tests.DeltaOfflineCliTests" name="OfflineMount_prints_mount_failed_when_path_missing" />
    </UnitTest>
    <UnitTest name="WindowsUpdateAndPackageManager.Tests.CliCommandTests.PackPackage_delta_manifest_contains_required_fields" storage="d:\projects\windowsupdatepackagemanager\tests\windowsupdateandpackagemanager.tests\bin\release\net10.0-windows\windowsupdateandpackagemanager.tests.dll" id="3f259117-9aec-9f8f-c27b-9addaaf2fe3b">
      <Execution id="fac5c5d3-4dfc-426b-b55b-05a03f2339ef" />
      <TestMethod codeBase="D:\Projects\WindowsUpdatePackageManager\tests\WindowsUpdateAndPackageManager.Tests\bin\Release\net10.0-windows\WindowsUpdateAndPackageManager.Tests.dll" adapterTypeName="executor://xunit/VsTestRunner3/netcore/" className="WindowsUpdateAndPackageManager.Tests.CliCommandTests" name="PackPackage_delta_manifest_contains_required_fields" />
    </UnitTest>
    <UnitTest name="WindowsUpdateAndPackageManager.Tests.GitHubRepoClientTests.DownloadIndexAsync_fetches_index_from_latest_release_asset" storage="d:\projects\windowsupdatepackagemanager\tests\windowsupdateandpackagemanager.tests\bin\release\net10.0-windows\windowsupdateandpackagemanager.tests.dll" id="1e29aeab-c4ca-fb1c-cc10-7100c9dec017">
      <Execution id="c73e7778-c8f3-4d0d-805e-189f1a778b49" />
      <TestMethod codeBase="D:\Projects\WindowsUpdatePackageManager\tests\WindowsUpdateAndPackageManager.Tests\bin\Release\net10.0-windows\WindowsUpdateAndPackageManager.Tests.dll" adapterTypeName="executor://xunit/VsTestRunner3/netcore/" className="WindowsUpdateAndPackageManager.Tests.GitHubRepoClientTests" name="DownloadIndexAsync_fetches_index_from_latest_release_asset" />
    </UnitTest>
    <UnitTest name="WindowsUpdateAndPackageManager.Tests.DeltaEndToEndCliTests.PackageDeltaProvider_round_trip_writes_cached_wupkg" storage="d:\projects\windowsupdatepackagemanager\tests\windowsupdateandpackagemanager.tests\bin\release\net10.0-windows\windowsupdateandpackagemanager.tests.dll" id="9f13ddcc-8f73-d1de-9b40-c4a724f767bd">
      <Execution id="8648c950-6298-4ada-aeaf-890d06e4c717" />
      <TestMethod codeBase="D:\Projects\WindowsUpdatePackageManager\tests\WindowsUpdateAndPackageManager.Tests\bin\Release\net10.0-windows\WindowsUpdateAndPackageManager.Tests.dll" adapterTypeName="executor://xunit/VsTestRunner3/netcore/" className="WindowsUpdateAndPackageManager.Tests.DeltaEndToEndCliTests" name="PackageDeltaProvider_round_trip_writes_cached_wupkg" />
    </UnitTest>
    <UnitTest name="WindowsUpdateAndPackageManager.Tests.PowerShellCmdletExecutionTests.DismountOfflineImageAsync_returns_result" storage="d:\projects\windowsupdatepackagemanager\tests\windowsupdateandpackagemanager.tests\bin\release\net10.0-windows\windowsupdateandpackagemanager.tests.dll" id="a688e136-7e87-8ada-4bc0-475c144e3ad0">
      <Execution id="ef76e0eb-4cf0-4338-a559-1bc98a6bce0a" />
      <TestMethod codeBase="D:\Projects\WindowsUpdatePackageManager\tests\WindowsUpdateAndPackageManager.Tests\bin\Release\net10.0-windows\WindowsUpdateAndPackageManager.Tests.dll" adapterTypeName="executor://xunit/VsTestRunner3/netcore/" className="WindowsUpdateAndPackageManager.Tests.PowerShellCmdletExecutionTests" name="DismountOfflineImageAsync_returns_result" />
    </UnitTest>
    <UnitTest name="WindowsUpdateAndPackageManager.Tests.WupmApiTests.Audit_endpoint_returns_ok_with_mock" storage="d:\projects\windowsupdatepackagemanager\tests\windowsupdateandpackagemanager.tests\bin\release\net10.0-windows\windowsupdateandpackagemanager.tests.dll" id="7be3f30b-e104-8ec3-9dcb-ff37576a689a">
      <Execution id="4285763d-ff6d-40fa-aebf-fa8254a0394c" />
      <TestMethod codeBase="D:\Projects\WindowsUpdatePackageManager\tests\WindowsUpdateAndPackageManager.Tests\bin\Release\net10.0-windows\WindowsUpdateAndPackageManager.Tests.dll" adapterTypeName="executor://xunit/VsTestRunner3/netcore/" className="WindowsUpdateAndPackageManager.Tests.WupmApiTests" name="Audit_endpoint_returns_ok_with_mock" />
    </UnitTest>
    <UnitTest name="WindowsUpdateAndPackageManager.Tests.PowerShellModuleTests.Build_returns_service_provider_with_required_services" storage="d:\projects\windowsupdatepackagemanager\tests\windowsupdateandpackagemanager.tests\bin\release\net10.0-windows\windowsupdateandpackagemanager.tests.dll" id="66943467-4c66-b835-e0e9-37dab06942d5">
      <Execution id="db6e8b15-88c9-469f-87a1-72ec9ed30e7f" />
      <TestMethod codeBase="D:\Projects\WindowsUpdatePackageManager\tests\WindowsUpdateAndPackageManager.Tests\bin\Release\net10.0-windows\WindowsUpdateAndPackageManager.Tests.dll" adapterTypeName="executor://xunit/VsTestRunner3/netcore/" className="WindowsUpdateAndPackageManager.Tests.PowerShellModuleTests" name="Build_returns_service_provider_with_required_services" />
    </UnitTest>
    <UnitTest name="WindowsUpdateAndPackageManager.Tests.PowerShellCmdletExecutionTests.SetPolicyDeny_adds_to_denylist" storage="d:\projects\windowsupdatepackagemanager\tests\windowsupdateandpackagemanager.tests\bin\release\net10.0-windows\windowsupdateandpackagemanager.tests.dll" id="12e58943-933c-e0f2-4de5-ad88f5fc398b">
      <Execution id="31b0c922-05c7-46a5-81cd-ed4161915466" />
      <TestMethod codeBase="D:\Projects\WindowsUpdatePackageManager\tests\WindowsUpdateAndPackageManager.Tests\bin\Release\net10.0-windows\WindowsUpdateAndPackageManager.Tests.dll" adapterTypeName="executor://xunit/VsTestRunner3/netcore/" className="WindowsUpdateAndPackageManager.Tests.PowerShellCmdletExecutionTests" name="SetPolicyDeny_adds_to_denylist" />
    </UnitTest>
    <UnitTest name="WindowsUpdateAndPackageManager.Tests.DeltaOfflineCliTests.DeltaUpdate_prints_applied_when_delta_succeeds" storage="d:\projects\windowsupdatepackagemanager\tests\windowsupdateandpackagemanager.tests\bin\release\net10.0-windows\windowsupdateandpackagemanager.tests.dll" id="391e5ba0-11c4-fe48-bfa0-339bbad66871">
      <Execution id="37fa29a0-e8a1-40f6-a009-fd4c6d4492e3" />
      <TestMethod codeBase="D:\Projects\WindowsUpdatePackageManager\tests\WindowsUpdateAndPackageManager.Tests\bin\Release\net10.0-windows\WindowsUpdateAndPackageManager.Tests.dll" adapterTypeName="executor://xunit/VsTestRunner3/netcore/" className="WindowsUpdateAndPackageManager.Tests.DeltaOfflineCliTests" name="DeltaUpdate_prints_applied_when_delta_succeeds" />
    </UnitTest>
    <UnitTest name="WindowsUpdateAndPackageManager.Tests.WupmApiTests.With_api_key_set_valid_bearer_returns_ok" storage="d:\projects\windowsupdatepackagemanager\tests\windowsupdateandpackagemanager.tests\bin\release\net10.0-windows\windowsupdateandpackagemanager.tests.dll" id="2a759faf-ccb3-6ca1-10e7-3ca7ac334f9b">
      <Execution id="95b09fa4-3e3f-4851-b75e-91623f86fe23" />
      <TestMethod codeBase="D:\Projects\WindowsUpdatePackageManager\tests\WindowsUpdateAndPackageManager.Tests\bin\Release\net10.0-windows\WindowsUpdateAndPackageManager.Tests.dll" adapterTypeName="executor://xunit/VsTestRunner3/netcore/" className="WindowsUpdateAndPackageManager.Tests.WupmApiTests" name="With_api_key_set_valid_bearer_returns_ok" />
    </UnitTest>
    <UnitTest name="WindowsUpdateAndPackageManager.Tests.DriverPolicyTests.DefaultDriverVerifier_returns_false_when_inf_path_missing" storage="d:\projects\windowsupdatepackagemanager\tests\windowsupdateandpackagemanager.tests\bin\release\net10.0-windows\windowsupdateandpackagemanager.tests.dll" id="3e7069c5-4162-17f8-2bf0-10a07ba6b834">
      <Execution id="d92b7ed7-4924-4cb7-a63f-36d5299d400e" />
      <TestMethod codeBase="D:\Projects\WindowsUpdatePackageManager\tests\WindowsUpdateAndPackageManager.Tests\bin\Release\net10.0-windows\WindowsUpdateAndPackageManager.Tests.dll" adapterTypeName="executor://xunit/VsTestRunner3/netcore/" className="WindowsUpdateAndPackageManager.Tests.DriverPolicyTests" name="DefaultDriverVerifier_returns_false_when_inf_path_missing" />
    </UnitTest>
    <UnitTest name="WindowsUpdateAndPackageManager.Tests.GitHubRepoClientTests.DownloadPackageAsync_sends_user_agent_and_returns_stream" storage="d:\projects\windowsupdatepackagemanager\tests\windowsupdateandpackagemanager.tests\bin\release\net10.0-windows\windowsupdateandpackagemanager.tests.dll" id="770a81d4-e9aa-1900-3754-7a5ececf383e">
      <Execution id="930279e5-ee91-4c40-860b-7bf6137abd98" />
      <TestMethod codeBase="D:\Projects\WindowsUpdatePackageManager\tests\WindowsUpdateAndPackageManager.Tests\bin\Release\net10.0-windows\WindowsUpdateAndPackageManager.Tests.dll" adapterTypeName="executor://xunit/VsTestRunner3/netcore/" className="WindowsUpdateAndPackageManager.Tests.GitHubRepoClientTests" name="DownloadPackageAsync_sends_user_agent_and_returns_stream" />
    </UnitTest>
    <UnitTest name="WindowsUpdateAndPackageManager.Tests.PackageManagerTests.InstallAsync_returns_not_cached_when_missing" storage="d:\projects\windowsupdatepackagemanager\tests\windowsupdateandpackagemanager.tests\bin\release\net10.0-windows\windowsupdateandpackagemanager.tests.dll" id="5277f963-076f-cb82-80db-c4a914380305">
      <Execution id="133ba14a-0208-489c-b8c0-fdff4337d650" />
      <TestMethod codeBase="D:\Projects\WindowsUpdatePackageManager\tests\WindowsUpdateAndPackageManager.Tests\bin\Release\net10.0-windows\WindowsUpdateAndPackageManager.Tests.dll" adapterTypeName="executor://xunit/VsTestRunner3/netcore/" className="WindowsUpdateAndPackageManager.Tests.PackageManagerTests" name="InstallAsync_returns_not_cached_when_missing" />
    </UnitTest>
    <UnitTest name="WindowsUpdateAndPackageManager.Tests.RepositoryIndexSchemaTests.Rejects_unknown_schema_versions(version: &quot;0.9&quot;)" storage="d:\projects\windowsupdatepackagemanager\tests\windowsupdateandpackagemanager.tests\bin\release\net10.0-windows\windowsupdateandpackagemanager.tests.dll" id="abaadeca-5fd5-540e-25c2-4a8638a1ca62">
      <Execution id="b3311cac-5a18-4281-b1b8-bf51508ba436" />
      <TestMethod codeBase="D:\Projects\WindowsUpdatePackageManager\tests\WindowsUpdateAndPackageManager.Tests\bin\Release\net10.0-windows\WindowsUpdateAndPackageManager.Tests.dll" adapterTypeName="executor://xunit/VsTestRunner3/netcore/" className="WindowsUpdateAndPackageManager.Tests.RepositoryIndexSchemaTests" name="Rejects_unknown_schema_versions" />
    </UnitTest>
    <UnitTest name="WindowsUpdateAndPackageManager.Tests.DeltaOfflineCliTests.OfflineApply_prints_apply_failed_when_not_mounted" storage="d:\projects\windowsupdatepackagemanager\tests\windowsupdateandpackagemanager.tests\bin\release\net10.0-windows\windowsupdateandpackagemanager.tests.dll" id="d2016b7b-8980-7709-8349-93568995b559">
      <Execution id="e9c46f9f-82d2-4500-ae35-62837eda3e56" />
      <TestMethod codeBase="D:\Projects\WindowsUpdatePackageManager\tests\WindowsUpdateAndPackageManager.Tests\bin\Release\net10.0-windows\WindowsUpdateAndPackageManager.Tests.dll" adapterTypeName="executor://xunit/VsTestRunner3/netcore/" className="WindowsUpdateAndPackageManager.Tests.DeltaOfflineCliTests" name="OfflineApply_prints_apply_failed_when_not_mounted" />
    </UnitTest>
    <UnitTest name="WindowsUpdateAndPackageManager.Tests.PublishCliTests.Publish_command_dry_run_prints_planned_artifacts" storage="d:\projects\windowsupdatepackagemanager\tests\windowsupdateandpackagemanager.tests\bin\release\net10.0-windows\windowsupdateandpackagemanager.tests.dll" id="06ffc801-494f-7722-9e62-1627a6c3d85c">
      <Execution id="b17d6ad7-b45c-48cc-8867-3bfc60d3a3ab" />
      <TestMethod codeBase="D:\Projects\WindowsUpdatePackageManager\tests\WindowsUpdateAndPackageManager.Tests\bin\Release\net10.0-windows\WindowsUpdateAndPackageManager.Tests.dll" adapterTypeName="executor://xunit/VsTestRunner3/netcore/" className="WindowsUpdateAndPackageManager.Tests.PublishCliTests" name="Publish_command_dry_run_prints_planned_artifacts" />
    </UnitTest>
    <UnitTest name="WindowsUpdateAndPackageManager.Tests.SelfUpdaterTests.SelfUpdateAsync_returns_false_when_no_executable_in_zip" storage="d:\projects\windowsupdatepackagemanager\tests\windowsupdateandpackagemanager.tests\bin\release\net10.0-windows\windowsupdateandpackagemanager.tests.dll" id="f3a43363-fa93-6799-f3ce-3d5174e246bb">
      <Execution id="b25b90cb-6f12-4066-b505-caa52bd68a32" />
      <TestMethod codeBase="D:\Projects\WindowsUpdatePackageManager\tests\WindowsUpdateAndPackageManager.Tests\bin\Release\net10.0-windows\WindowsUpdateAndPackageManager.Tests.dll" adapterTypeName="executor://xunit/VsTestRunner3/netcore/" className="WindowsUpdateAndPackageManager.Tests.SelfUpdaterTests" name="SelfUpdateAsync_returns_false_when_no_executable_in_zip" />
    </UnitTest>
    <UnitTest name="WindowsUpdateAndPackageManager.Tests.PackageDeltaProviderTests.ApplyDeltaAsync_returns_true_when_delta_applied" storage="d:\projects\windowsupdatepackagemanager\tests\windowsupdateandpackagemanager.tests\bin\release\net10.0-windows\windowsupdateandpackagemanager.tests.dll" id="3a0b5fbe-6b84-eec8-80de-691ac92786c7">
      <Execution id="1b65830b-6abc-4749-aebe-153827fa0eb2" />
      <TestMethod codeBase="D:\Projects\WindowsUpdatePackageManager\tests\WindowsUpdateAndPackageManager.Tests\bin\Release\net10.0-windows\WindowsUpdateAndPackageManager.Tests.dll" adapterTypeName="executor://xunit/VsTestRunner3/netcore/" className="WindowsUpdateAndPackageManager.Tests.PackageDeltaProviderTests" name="ApplyDeltaAsync_returns_true_when_delta_applied" />
    </UnitTest>
    <UnitTest name="WindowsUpdateAndPackageManager.Tests.RepositoryIndexSchemaTests.Rejects_unknown_schema_versions(version: &quot;&quot;)" storage="d:\projects\windowsupdatepackagemanager\tests\windowsupdateandpackagemanager.tests\bin\release\net10.0-windows\windowsupdateandpackagemanager.tests.dll" id="2ac1aed0-f2e8-fdbc-33a9-b00d76278896">
      <Execution id="72abae46-8ce0-407b-abd4-3ca9a940b8f1" />
      <TestMethod codeBase="D:\Projects\WindowsUpdatePackageManager\tests\WindowsUpdateAndPackageManager.Tests\bin\Release\net10.0-windows\WindowsUpdateAndPackageManager.Tests.dll" adapterTypeName="executor://xunit/VsTestRunner3/netcore/" className="WindowsUpdateAndPackageManager.Tests.RepositoryIndexSchemaTests" name="Rejects_unknown_schema_versions" />
    </UnitTest>
    <UnitTest name="WindowsUpdateAndPackageManager.Tests.WupmApiTests.With_api_key_set_valid_xapikey_returns_ok" storage="d:\projects\windowsupdatepackagemanager\tests\windowsupdateandpackagemanager.tests\bin\release\net10.0-windows\windowsupdateandpackagemanager.tests.dll" id="ad7be1b1-4170-84a7-7e42-7409c64f573e">
      <Execution id="8d96e4a5-6738-44e3-9e4e-3377d0cc528d" />
      <TestMethod codeBase="D:\Projects\WindowsUpdatePackageManager\tests\WindowsUpdateAndPackageManager.Tests\bin\Release\net10.0-windows\WindowsUpdateAndPackageManager.Tests.dll" adapterTypeName="executor://xunit/VsTestRunner3/netcore/" className="WindowsUpdateAndPackageManager.Tests.WupmApiTests" name="With_api_key_set_valid_xapikey_returns_ok" />
    </UnitTest>
    <UnitTest name="WindowsUpdateAndPackageManager.Tests.RepoClientTests.DownloadPackageAsync_returns_stream_with_content" storage="d:\projects\windowsupdatepackagemanager\tests\windowsupdateandpackagemanager.tests\bin\release\net10.0-windows\windowsupdateandpackagemanager.tests.dll" id="092cefab-11f3-3b0d-3ef2-d3d6c17c33aa">
      <Execution id="56f7ee03-585e-4ade-9aab-0b3eebe27ad9" />
      <TestMethod codeBase="D:\Projects\WindowsUpdatePackageManager\tests\WindowsUpdateAndPackageManager.Tests\bin\Release\net10.0-windows\WindowsUpdateAndPackageManager.Tests.dll" adapterTypeName="executor://xunit/VsTestRunner3/netcore/" className="WindowsUpdateAndPackageManager.Tests.RepoClientTests" name="DownloadPackageAsync_returns_stream_with_content" />
    </UnitTest>
    <UnitTest name="WindowsUpdateAndPackageManager.Tests.WupmApiTests.With_mtls_enabled_without_client_certificate_returns_forbidden" storage="d:\projects\windowsupdatepackagemanager\tests\windowsupdateandpackagemanager.tests\bin\release\net10.0-windows\windowsupdateandpackagemanager.tests.dll" id="33221bce-17f3-2e9a-708f-fcb0d213944e">
      <Execution id="74adbadc-3a3c-429d-8ce8-89496ee14874" />
      <TestMethod codeBase="D:\Projects\WindowsUpdatePackageManager\tests\WindowsUpdateAndPackageManager.Tests\bin\Release\net10.0-windows\WindowsUpdateAndPackageManager.Tests.dll" adapterTypeName="executor://xunit/VsTestRunner3/netcore/" className="WindowsUpdateAndPackageManager.Tests.WupmApiTests" name="With_mtls_enabled_without_client_certificate_returns_forbidden" />
    </UnitTest>
    <UnitTest name="WindowsUpdateAndPackageManager.Tests.DeltaOfflineCliTests.DeltaUpdate_prints_no_delta_when_unavailable" storage="d:\projects\windowsupdatepackagemanager\tests\windowsupdateandpackagemanager.tests\bin\release\net10.0-windows\windowsupdateandpackagemanager.tests.dll" id="bf77aa3f-92cd-74f6-8f24-0d6defca6f58">
      <Execution id="616f57d4-27a0-4fbc-a8ee-83ffe2f6699b" />
      <TestMethod codeBase="D:\Projects\WindowsUpdatePackageManager\tests\WindowsUpdateAndPackageManager.Tests\bin\Release\net10.0-windows\WindowsUpdateAndPackageManager.Tests.dll" adapterTypeName="executor://xunit/VsTestRunner3/netcore/" className="WindowsUpdateAndPackageManager.Tests.DeltaOfflineCliTests" name="DeltaUpdate_prints_no_delta_when_unavailable" />
    </UnitTest>
    <UnitTest name="WindowsUpdateAndPackageManager.Tests.PowerShellCmdletExecutionTests.MountOfflineImageAsync_returns_result" storage="d:\projects\windowsupdatepackagemanager\tests\windowsupdateandpackagemanager.tests\bin\release\net10.0-windows\windowsupdateandpackagemanager.tests.dll" id="e18f19e2-82b2-24ed-86eb-1efba8380bde">
      <Execution id="d5503dbe-1a8a-4e5d-902f-7de44f89b4f5" />
      <TestMethod codeBase="D:\Projects\WindowsUpdatePackageManager\tests\WindowsUpdateAndPackageManager.Tests\bin\Release\net10.0-windows\WindowsUpdateAndPackageManager.Tests.dll" adapterTypeName="executor://xunit/VsTestRunner3/netcore/" className="WindowsUpdateAndPackageManager.Tests.PowerShellCmdletExecutionTests" name="MountOfflineImageAsync_returns_result" />
    </UnitTest>
    <UnitTest name="WindowsUpdateAndPackageManager.Tests.WupmApiTests.Sync_endpoint_returns_ok_with_mock" storage="d:\projects\windowsupdatepackagemanager\tests\windowsupdateandpackagemanager.tests\bin\release\net10.0-windows\windowsupdateandpackagemanager.tests.dll" id="f9f5478e-7641-d092-dd99-8f8df6e6e5e4">
      <Execution id="40a8c0bc-58c4-4b7d-9a79-b52a6c86aff0" />
      <TestMethod codeBase="D:\Projects\WindowsUpdatePackageManager\tests\WindowsUpdateAndPackageManager.Tests\bin\Release\net10.0-windows\WindowsUpdateAndPackageManager.Tests.dll" adapterTypeName="executor://xunit/VsTestRunner3/netcore/" className="WindowsUpdateAndPackageManager.Tests.WupmApiTests" name="Sync_endpoint_returns_ok_with_mock" />
    </UnitTest>
    <UnitTest name="WindowsUpdateAndPackageManager.Tests.ManifestMigratorTests.Migrate_returns_same_when_already_target_version" storage="d:\projects\windowsupdatepackagemanager\tests\windowsupdateandpackagemanager.tests\bin\release\net10.0-windows\windowsupdateandpackagemanager.tests.dll" id="18482734-5f25-3dda-e47f-c9109870055a">
      <Execution id="57747fab-9301-43dc-b54d-e3c8e37c0787" />
      <TestMethod codeBase="D:\Projects\WindowsUpdatePackageManager\tests\WindowsUpdateAndPackageManager.Tests\bin\Release\net10.0-windows\WindowsUpdateAndPackageManager.Tests.dll" adapterTypeName="executor://xunit/VsTestRunner3/netcore/" className="WindowsUpdateAndPackageManager.Tests.ManifestMigratorTests" name="Migrate_returns_same_when_already_target_version" />
    </UnitTest>
    <UnitTest name="WindowsUpdateAndPackageManager.Tests.WupmApiTests.Packages_endpoint_returns_mocked_packages" storage="d:\projects\windowsupdatepackagemanager\tests\windowsupdateandpackagemanager.tests\bin\release\net10.0-windows\windowsupdateandpackagemanager.tests.dll" id="c41b097e-ecb7-08d6-f76f-ac33b511ace5">
      <Execution id="6736ea51-a217-4761-9853-741572a86751" />
      <TestMethod codeBase="D:\Projects\WindowsUpdatePackageManager\tests\WindowsUpdateAndPackageManager.Tests\bin\Release\net10.0-windows\WindowsUpdateAndPackageManager.Tests.dll" adapterTypeName="executor://xunit/VsTestRunner3/netcore/" className="WindowsUpdateAndPackageManager.Tests.WupmApiTests" name="Packages_endpoint_returns_mocked_packages" />
    </UnitTest>
    <UnitTest name="WindowsUpdateAndPackageManager.Tests.PackageManagerTests.InstallAsync_blocks_when_policy_denies" storage="d:\projects\windowsupdatepackagemanager\tests\windowsupdateandpackagemanager.tests\bin\release\net10.0-windows\windowsupdateandpackagemanager.tests.dll" id="9c68b1ff-5569-f495-b194-89bc6e7980cc">
      <Execution id="73087ed5-06b9-473e-ba78-7b0cdc568c24" />
      <TestMethod codeBase="D:\Projects\WindowsUpdatePackageManager\tests\WindowsUpdateAndPackageManager.Tests\bin\Release\net10.0-windows\WindowsUpdateAndPackageManager.Tests.dll" adapterTypeName="executor://xunit/VsTestRunner3/netcore/" className="WindowsUpdateAndPackageManager.Tests.PackageManagerTests" name="InstallAsync_blocks_when_policy_denies" />
    </UnitTest>
    <UnitTest name="WindowsUpdateAndPackageManager.Tests.WupmApiTests.With_api_key_set_missing_header_returns_unauthorized" storage="d:\projects\windowsupdatepackagemanager\tests\windowsupdateandpackagemanager.tests\bin\release\net10.0-windows\windowsupdateandpackagemanager.tests.dll" id="c4d6f5ea-3e57-7de1-eca7-b4f6156a9314">
      <Execution id="319f83d5-26fa-4998-937a-064d811512ea" />
      <TestMethod codeBase="D:\Projects\WindowsUpdatePackageManager\tests\WindowsUpdateAndPackageManager.Tests\bin\Release\net10.0-windows\WindowsUpdateAndPackageManager.Tests.dll" adapterTypeName="executor://xunit/VsTestRunner3/netcore/" className="WindowsUpdateAndPackageManager.Tests.WupmApiTests" name="With_api_key_set_missing_header_returns_unauthorized" />
    </UnitTest>
    <UnitTest name="WindowsUpdateAndPackageManager.Tests.SignaturePolicyTests.AuthenticodeVerifier_returns_true_when_allow_untrusted" storage="d:\projects\windowsupdatepackagemanager\tests\windowsupdateandpackagemanager.tests\bin\release\net10.0-windows\windowsupdateandpackagemanager.tests.dll" id="cf63d5fd-121c-c610-0874-54b174e1bb4b">
      <Execution id="64cfc8df-794a-40bf-a9de-ebe47c22f50a" />
      <TestMethod codeBase="D:\Projects\WindowsUpdatePackageManager\tests\WindowsUpdateAndPackageManager.Tests\bin\Release\net10.0-windows\WindowsUpdateAndPackageManager.Tests.dll" adapterTypeName="executor://xunit/VsTestRunner3/netcore/" className="WindowsUpdateAndPackageManager.Tests.SignaturePolicyTests" name="AuthenticodeVerifier_returns_true_when_allow_untrusted" />
    </UnitTest>
    <UnitTest name="WindowsUpdateAndPackageManager.Tests.PowerShellCmdletExecutionTests.SyncRepositoryAsync_returns_sync_result" storage="d:\projects\windowsupdatepackagemanager\tests\windowsupdateandpackagemanager.tests\bin\release\net10.0-windows\windowsupdateandpackagemanager.tests.dll" id="ef6d21ee-da60-dde0-8fe0-4acad50dac0c">
      <Execution id="da9a14f3-1894-4c74-aa09-34ca17925b05" />
      <TestMethod codeBase="D:\Projects\WindowsUpdatePackageManager\tests\WindowsUpdateAndPackageManager.Tests\bin\Release\net10.0-windows\WindowsUpdateAndPackageManager.Tests.dll" adapterTypeName="executor://xunit/VsTestRunner3/netcore/" className="WindowsUpdateAndPackageManager.Tests.PowerShellCmdletExecutionTests" name="SyncRepositoryAsync_returns_sync_result" />
    </UnitTest>
    <UnitTest name="WindowsUpdateAndPackageManager.Tests.WupmApiTests.Installed_endpoint_returns_mocked_installed" storage="d:\projects\windowsupdatepackagemanager\tests\windowsupdateandpackagemanager.tests\bin\release\net10.0-windows\windowsupdateandpackagemanager.tests.dll" id="833df738-cfe9-5a74-e746-e23f4256e252">
      <Execution id="0025396f-3daf-442b-b96e-cd4560ad361e" />
      <TestMethod codeBase="D:\Projects\WindowsUpdatePackageManager\tests\WindowsUpdateAndPackageManager.Tests\bin\Release\net10.0-windows\WindowsUpdateAndPackageManager.Tests.dll" adapterTypeName="executor://xunit/VsTestRunner3/netcore/" className="WindowsUpdateAndPackageManager.Tests.WupmApiTests" name="Installed_endpoint_returns_mocked_installed" />
    </UnitTest>
    <UnitTest name="WindowsUpdateAndPackageManager.Tests.WupmApiTests.Install_endpoint_uses_stricter_rate_limit_than_listing" storage="d:\projects\windowsupdatepackagemanager\tests\windowsupdateandpackagemanager.tests\bin\release\net10.0-windows\windowsupdateandpackagemanager.tests.dll" id="7c58c542-3af6-9b15-8f49-59d255f8a671">
      <Execution id="1c4f85a4-c000-4de0-bc10-328512e31115" />
      <TestMethod codeBase="D:\Projects\WindowsUpdatePackageManager\tests\WindowsUpdateAndPackageManager.Tests\bin\Release\net10.0-windows\WindowsUpdateAndPackageManager.Tests.dll" adapterTypeName="executor://xunit/VsTestRunner3/netcore/" className="WindowsUpdateAndPackageManager.Tests.WupmApiTests" name="Install_endpoint_uses_stricter_rate_limit_than_listing" />
    </UnitTest>
    <UnitTest name="WindowsUpdateAndPackageManager.Tests.RepositoryIndexParserTests.Validates_good_index" storage="d:\projects\windowsupdatepackagemanager\tests\windowsupdateandpackagemanager.tests\bin\release\net10.0-windows\windowsupdateandpackagemanager.tests.dll" id="9b9e972f-154a-9478-096b-61ce84e70318">
      <Execution id="adf5c312-7dcc-4004-ad39-f3710d91a7fb" />
      <TestMethod codeBase="D:\Projects\WindowsUpdatePackageManager\tests\WindowsUpdateAndPackageManager.Tests\bin\Release\net10.0-windows\WindowsUpdateAndPackageManager.Tests.dll" adapterTypeName="executor://xunit/VsTestRunner3/netcore/" className="WindowsUpdateAndPackageManager.Tests.RepositoryIndexParserTests" name="Validates_good_index" />
    </UnitTest>
    <UnitTest name="WindowsUpdateAndPackageManager.Tests.PackageManagerTests.InstallAsync_records_audit_entry" storage="d:\projects\windowsupdatepackagemanager\tests\windowsupdateandpackagemanager.tests\bin\release\net10.0-windows\windowsupdateandpackagemanager.tests.dll" id="b2dc0488-3e39-7997-6b6a-559c73583f75">
      <Execution id="666e3ea8-b3e2-4305-8226-6b655bec0355" />
      <TestMethod codeBase="D:\Projects\WindowsUpdatePackageManager\tests\WindowsUpdateAndPackageManager.Tests\bin\Release\net10.0-windows\WindowsUpdateAndPackageManager.Tests.dll" adapterTypeName="executor://xunit/VsTestRunner3/netcore/" className="WindowsUpdateAndPackageManager.Tests.PackageManagerTests" name="InstallAsync_records_audit_entry" />
    </UnitTest>
    <UnitTest name="WindowsUpdateAndPackageManager.Tests.ManifestMigratorTests.Migrate_returns_null_for_unsupported_transition" storage="d:\projects\windowsupdatepackagemanager\tests\windowsupdateandpackagemanager.tests\bin\release\net10.0-windows\windowsupdateandpackagemanager.tests.dll" id="a5906050-30cb-a35c-9c3b-1ab956023b51">
      <Execution id="f758c350-981e-4ed4-9424-c1ed929f91b3" />
      <TestMethod codeBase="D:\Projects\WindowsUpdatePackageManager\tests\WindowsUpdateAndPackageManager.Tests\bin\Release\net10.0-windows\WindowsUpdateAndPackageManager.Tests.dll" adapterTypeName="executor://xunit/VsTestRunner3/netcore/" className="WindowsUpdateAndPackageManager.Tests.ManifestMigratorTests" name="Migrate_returns_null_for_unsupported_transition" />
    </UnitTest>
    <UnitTest name="WindowsUpdateAndPackageManager.Tests.GitHubReleasePublisherTests.PublishReleaseAsync_returns_false_when_api_returns_failure" storage="d:\projects\windowsupdatepackagemanager\tests\windowsupdateandpackagemanager.tests\bin\release\net10.0-windows\windowsupdateandpackagemanager.tests.dll" id="d91a41c6-99b4-4744-758f-bfe50580684c">
      <Execution id="70dc6551-58ea-4ff7-a013-a1f45308a7e0" />
      <TestMethod codeBase="D:\Projects\WindowsUpdatePackageManager\tests\WindowsUpdateAndPackageManager.Tests\bin\Release\net10.0-windows\WindowsUpdateAndPackageManager.Tests.dll" adapterTypeName="executor://xunit/VsTestRunner3/netcore/" className="WindowsUpdateAndPackageManager.Tests.GitHubReleasePublisherTests" name="PublishReleaseAsync_returns_false_when_api_returns_failure" />
    </UnitTest>
    <UnitTest name="WindowsUpdateAndPackageManager.Tests.OfflineImageServiceTests.DismountAsync_returns_failed_when_mount_missing" storage="d:\projects\windowsupdatepackagemanager\tests\windowsupdateandpackagemanager.tests\bin\release\net10.0-windows\windowsupdateandpackagemanager.tests.dll" id="b836f1ac-74b7-4c0e-e4b9-abe9244c1343">
      <Execution id="7cdf2249-503f-410e-bf1c-51aed6a36d1f" />
      <TestMethod codeBase="D:\Projects\WindowsUpdatePackageManager\tests\WindowsUpdateAndPackageManager.Tests\bin\Release\net10.0-windows\WindowsUpdateAndPackageManager.Tests.dll" adapterTypeName="executor://xunit/VsTestRunner3/netcore/" className="WindowsUpdateAndPackageManager.Tests.OfflineImageServiceTests" name="DismountAsync_returns_failed_when_mount_missing" />
    </UnitTest>
    <UnitTest name="WindowsUpdateAndPackageManager.Tests.PackageManagerTests.UninstallAsync_returns_not_installed_when_missing" storage="d:\projects\windowsupdatepackagemanager\tests\windowsupdateandpackagemanager.tests\bin\release\net10.0-windows\windowsupdateandpackagemanager.tests.dll" id="6ed7bf85-9af3-9ec3-ac08-533621610f0b">
      <Execution id="955b7ff9-96d0-46db-b270-324ca828c1d1" />
      <TestMethod codeBase="D:\Projects\WindowsUpdatePackageManager\tests\WindowsUpdateAndPackageManager.Tests\bin\Release\net10.0-windows\WindowsUpdateAndPackageManager.Tests.dll" adapterTypeName="executor://xunit/VsTestRunner3/netcore/" className="WindowsUpdateAndPackageManager.Tests.PackageManagerTests" name="UninstallAsync_returns_not_installed_when_missing" />
    </UnitTest>
    <UnitTest name="WindowsUpdateAndPackageManager.Tests.SelfUpdaterTests.SelfUpdateAsync_returns_true_and_launches_updater" storage="d:\projects\windowsupdatepackagemanager\tests\windowsupdateandpackagemanager.tests\bin\release\net10.0-windows\windowsupdateandpackagemanager.tests.dll" id="fae4b691-a762-107a-91ee-a4a42d926822">
      <Execution id="ed4e4640-4bb4-4b95-82e6-8430525c0eb7" />
      <TestMethod codeBase="D:\Projects\WindowsUpdatePackageManager\tests\WindowsUpdateAndPackageManager.Tests\bin\Release\net10.0-windows\WindowsUpdateAndPackageManager.Tests.dll" adapterTypeName="executor://xunit/VsTestRunner3/netcore/" className="WindowsUpdateAndPackageManager.Tests.SelfUpdaterTests" name="SelfUpdateAsync_returns_true_and_launches_updater" />
    </UnitTest>
    <UnitTest name="WindowsUpdateAndPackageManager.Tests.RepositoryIndexParserTests.Rejects_missing_schema" storage="d:\projects\windowsupdatepackagemanager\tests\windowsupdateandpackagemanager.tests\bin\release\net10.0-windows\windowsupdateandpackagemanager.tests.dll" id="6e80f4ea-656a-6a36-2ae7-f3e044c16787">
      <Execution id="a68eb140-0c5e-4860-b62c-d3f444b11e3c" />
[...]
      <TestMethod codeBase="D:\Projects\WindowsUpdatePackageManager\tests\WindowsUpdateAndPackageManager.Tests\bin\Release\net10.0-windows\WindowsUpdateAndPackageManager.Tests.dll" adapterTypeName="executor://xunit/VsTestRunner3/netcore/" className="WindowsUpdateAndPackageManager.Tests.DeltaOfflineCliTests" name="OfflineDismount_prints_dismount_failed_when_mount_missing" />
    </UnitTest>
    <UnitTest name="WindowsUpdateAndPackageManager.Tests.GitHubReleasePublisherTests.UploadAssetAsync_returns_asset_when_api_succeeds" storage="d:\projects\windowsupdatepackagemanager\tests\windowsupdateandpackagemanager.tests\bin\release\net10.0-windows\windowsupdateandpackagemanager.tests.dll" id="f506f1a8-1f28-f19c-8dd9-d1b78db1df9e">
      <Execution id="e047fcca-2aa1-456e-b088-40950ba73a63" />
      <TestMethod codeBase="D:\Projects\WindowsUpdatePackageManager\tests\WindowsUpdateAndPackageManager.Tests\bin\Release\net10.0-windows\WindowsUpdateAndPackageManager.Tests.dll" adapterTypeName="executor://xunit/VsTestRunner3/netcore/" className="WindowsUpdateAndPackageManager.Tests.GitHubReleasePublisherTests" name="UploadAssetAsync_returns_asset_when_api_succeeds" />
    </UnitTest>
    <UnitTest name="WindowsUpdateAndPackageManager.Tests.WupmApiTests.WindowsUpdate_endpoint_returns_ok_with_mock" storage="d:\projects\windowsupdatepackagemanager\tests\windowsupdateandpackagemanager.tests\bin\release\net10.0-windows\windowsupdateandpackagemanager.tests.dll" id="895d829a-8974-5366-9db6-d97c18cc0890">
      <Execution id="2024336a-9bca-4527-bd37-f0abb2d50be0" />
      <TestMethod codeBase="D:\Projects\WindowsUpdatePackageManager\tests\WindowsUpdateAndPackageManager.Tests\bin\Release\net10.0-windows\WindowsUpdateAndPackageManager.Tests.dll" adapterTypeName="executor://xunit/VsTestRunner3/netcore/" className="WindowsUpdateAndPackageManager.Tests.WupmApiTests" name="WindowsUpdate_endpoint_returns_ok_with_mock" />
    </UnitTest>
    <UnitTest name="WindowsUpdateAndPackageManager.Tests.ManifestMigratorTests.Migrate_upgrades_1_0_to_2" storage="d:\projects\windowsupdatepackagemanager\tests\windowsupdateandpackagemanager.tests\bin\release\net10.0-windows\windowsupdateandpackagemanager.tests.dll" id="70da0f87-25ad-e1c7-bad8-cd43134e8985">
      <Execution id="18a031be-a247-482f-a57a-79f3415e9b30" />
      <TestMethod codeBase="D:\Projects\WindowsUpdatePackageManager\tests\WindowsUpdateAndPackageManager.Tests\bin\Release\net10.0-windows\WindowsUpdateAndPackageManager.Tests.dll" adapterTypeName="executor://xunit/VsTestRunner3/netcore/" className="WindowsUpdateAndPackageManager.Tests.ManifestMigratorTests" name="Migrate_upgrades_1_0_to_2" />
    </UnitTest>
    <UnitTest name="WindowsUpdateAndPackageManager.Tests.PowerShellCmdletExecutionTests.SetPolicyAllow_adds_to_allowlist" storage="d:\projects\windowsupdatepackagemanager\tests\windowsupdateandpackagemanager.tests\bin\release\net10.0-windows\windowsupdateandpackagemanager.tests.dll" id="53bd137f-e032-4fbe-a536-380979ed2ede">
      <Execution id="05cff6d2-3926-4cce-82ba-91a0037f26e8" />
      <TestMethod codeBase="D:\Projects\WindowsUpdatePackageManager\tests\WindowsUpdateAndPackageManager.Tests\bin\Release\net10.0-windows\WindowsUpdateAndPackageManager.Tests.dll" adapterTypeName="executor://xunit/VsTestRunner3/netcore/" className="WindowsUpdateAndPackageManager.Tests.PowerShellCmdletExecutionTests" name="SetPolicyAllow_adds_to_allowlist" />
    </UnitTest>
    <UnitTest name="WindowsUpdateAndPackageManager.Tests.RollbackManagerTests.RollbackAsync_returns_false_when_no_installed_packages" storage="d:\projects\windowsupdatepackagemanager\tests\windowsupdateandpackagemanager.tests\bin\release\net10.0-windows\windowsupdateandpackagemanager.tests.dll" id="041c55c8-c8dd-f0d7-34cf-7ec02764855a">
      <Execution id="e3e59955-a7d1-45b2-a488-d208b0184640" />
      <TestMethod codeBase="D:\Projects\WindowsUpdatePackageManager\tests\WindowsUpdateAndPackageManager.Tests\bin\Release\net10.0-windows\WindowsUpdateAndPackageManager.Tests.dll" adapterTypeName="executor://xunit/VsTestRunner3/netcore/" className="WindowsUpdateAndPackageManager.Tests.RollbackManagerTests" name="RollbackAsync_returns_false_when_no_installed_packages" />
    </UnitTest>
  </TestDefinitions>
  <TestEntries>
    <TestEntry testId="66943467-4c66-b835-e0e9-37dab06942d5" executionId="db6e8b15-88c9-469f-87a1-72ec9ed30e7f" testListId="8c84fa94-04c1-424b-9868-57a2d4851a1d" />
    <TestEntry testId="0cf13032-cd59-f1a3-f393-cc6b2073464f" executionId="b6ee3313-d7d9-4938-8015-dc4d0bdc4804" testListId="8c84fa94-04c1-424b-9868-57a2d4851a1d" />
    <TestEntry testId="878d07bf-d15e-0173-e9bb-c56cea2a8eca" executionId="a9dcc44b-4281-4e16-bcc8-366c9a6f0b2e" testListId="8c84fa94-04c1-424b-9868-57a2d4851a1d" />
    <TestEntry testId="7a722499-c636-2a14-d6ae-2913b8cdb0ff" executionId="269b5357-7049-4a9e-8c27-341f8246e529" testListId="8c84fa94-04c1-424b-9868-57a2d4851a1d" />
    <TestEntry testId="7be3f30b-e104-8ec3-9dcb-ff37576a689a" executionId="4285763d-ff6d-40fa-aebf-fa8254a0394c" testListId="8c84fa94-04c1-424b-9868-57a2d4851a1d" />
    <TestEntry testId="c41b097e-ecb7-08d6-f76f-ac33b511ace5" executionId="6736ea51-a217-4761-9853-741572a86751" testListId="8c84fa94-04c1-424b-9868-57a2d4851a1d" />
    <TestEntry testId="21659a49-fe28-cf1b-5772-c8030524d6f4" executionId="5f22ca1e-a471-48f8-95de-06dc93769607" testListId="8c84fa94-04c1-424b-9868-57a2d4851a1d" />
    <TestEntry testId="f3a43363-fa93-6799-f3ce-3d5174e246bb" executionId="b25b90cb-6f12-4066-b505-caa52bd68a32" testListId="8c84fa94-04c1-424b-9868-57a2d4851a1d" />
    <TestEntry testId="b2dc0488-3e39-7997-6b6a-559c73583f75" executionId="666e3ea8-b3e2-4305-8226-6b655bec0355" testListId="8c84fa94-04c1-424b-9868-57a2d4851a1d" />
    <TestEntry testId="4465b276-241d-91a6-c120-43be4d59e36e" executionId="670474d7-4154-48bd-af27-2dcdd3964c77" testListId="8c84fa94-04c1-424b-9868-57a2d4851a1d" />
    <TestEntry testId="0cefbab3-88c0-68b0-17d1-a0bde032beef" executionId="1c09badb-165d-40ae-857c-e02ee765fa83" testListId="8c84fa94-04c1-424b-9868-57a2d4851a1d" />
    <TestEntry testId="ef6d21ee-da60-dde0-8fe0-4acad50dac0c" executionId="da9a14f3-1894-4c74-aa09-34ca17925b05" testListId="8c84fa94-04c1-424b-9868-57a2d4851a1d" />
    <TestEntry testId="c4d6f5ea-3e57-7de1-eca7-b4f6156a9314" executionId="319f83d5-26fa-4998-937a-064d811512ea" testListId="8c84fa94-04c1-424b-9868-57a2d4851a1d" />
    <TestEntry testId="3f259117-9aec-9f8f-c27b-9addaaf2fe3b" executionId="fac5c5d3-4dfc-426b-b55b-05a03f2339ef" testListId="8c84fa94-04c1-424b-9868-57a2d4851a1d" />
    <TestEntry testId="4e63a3b5-dea4-3715-4bfd-a2d0cfa231cd" executionId="eda3b769-d82d-402d-a511-44f8f84b2601" testListId="8c84fa94-04c1-424b-9868-57a2d4851a1d" />
    <TestEntry testId="9f13ddcc-8f73-d1de-9b40-c4a724f767bd" executionId="8648c950-6298-4ada-aeaf-890d06e4c717" testListId="8c84fa94-04c1-424b-9868-57a2d4851a1d" />
    <TestEntry testId="025b45f0-2dcc-fac7-04f0-2e378aaea3ed" executionId="efb28296-c2ea-4459-bf51-1c950fc9627d" testListId="8c84fa94-04c1-424b-9868-57a2d4851a1d" />
    <TestEntry testId="334a5ee3-f84e-e091-306b-35167519f870" executionId="21df18bb-ada8-42cd-8721-af681e00775e" testListId="8c84fa94-04c1-424b-9868-57a2d4851a1d" />
    <TestEntry testId="7c58c542-3af6-9b15-8f49-59d255f8a671" executionId="1c4f85a4-c000-4de0-bc10-328512e31115" testListId="8c84fa94-04c1-424b-9868-57a2d4851a1d" />
    <TestEntry testId="f506f1a8-1f28-f19c-8dd9-d1b78db1df9e" executionId="e047fcca-2aa1-456e-b088-40950ba73a63" testListId="8c84fa94-04c1-424b-9868-57a2d4851a1d" />
    <TestEntry testId="6e80f4ea-656a-6a36-2ae7-f3e044c16787" executionId="a68eb140-0c5e-4860-b62c-d3f444b11e3c" testListId="8c84fa94-04c1-424b-9868-57a2d4851a1d" />
    <TestEntry testId="ad7be1b1-4170-84a7-7e42-7409c64f573e" executionId="8d96e4a5-6738-44e3-9e4e-3377d0cc528d" testListId="8c84fa94-04c1-424b-9868-57a2d4851a1d" />
    <TestEntry testId="2ac1aed0-f2e8-fdbc-33a9-b00d76278896" executionId="72abae46-8ce0-407b-abd4-3ca9a940b8f1" testListId="8c84fa94-04c1-424b-9868-57a2d4851a1d" />
    <TestEntry testId="d91a41c6-99b4-4744-758f-bfe50580684c" executionId="70dc6551-58ea-4ff7-a013-a1f45308a7e0" testListId="8c84fa94-04c1-424b-9868-57a2d4851a1d" />
    <TestEntry testId="65464ae6-f3a3-5165-60b7-4022c468b5e3" executionId="d09446a9-c6f5-4de4-b395-55061477e5b5" testListId="8c84fa94-04c1-424b-9868-57a2d4851a1d" />
    <TestEntry testId="b05bff9a-2cfd-5844-65b6-bbe4536ba64b" executionId="9b04df96-374b-46c5-8f2c-d1cced948878" testListId="8c84fa94-04c1-424b-9868-57a2d4851a1d" />
    <TestEntry testId="dbe13ab9-98e9-70c0-77b7-561e586f91bf" executionId="ef2beb93-2ed3-4c2f-8baa-70f066f61113" testListId="8c84fa94-04c1-424b-9868-57a2d4851a1d" />
    <TestEntry testId="1f7b7913-66be-e132-01de-cefbd2756984" executionId="3ef96d5e-ea79-4c74-ad3f-a46e77d65a03" testListId="8c84fa94-04c1-424b-9868-57a2d4851a1d" />
    <TestEntry testId="22332594-d376-c067-322a-d94362cb7903" executionId="13143515-571d-405c-837a-c059a9554f4e" testListId="8c84fa94-04c1-424b-9868-57a2d4851a1d" />
    <TestEntry testId="88972436-2fab-f1dd-045c-061453c5c7df" executionId="ad349c44-12b2-4d3f-8674-059c27a54e70" testListId="8c84fa94-04c1-424b-9868-57a2d4851a1d" />
    <TestEntry testId="391e5ba0-11c4-fe48-bfa0-339bbad66871" executionId="37fa29a0-e8a1-40f6-a009-fd4c6d4492e3" testListId="8c84fa94-04c1-424b-9868-57a2d4851a1d" />
    <TestEntry testId="041c55c8-c8dd-f0d7-34cf-7ec02764855a" executionId="e3e59955-a7d1-45b2-a488-d208b0184640" testListId="8c84fa94-04c1-424b-9868-57a2d4851a1d" />
    <TestEntry testId="af142cef-fc00-fbc8-d861-3c7f5a56ec3a" executionId="bdb807c1-3494-4c40-8397-cc951dcd1446" testListId="8c84fa94-04c1-424b-9868-57a2d4851a1d" />
    <TestEntry testId="6b453721-016b-ad37-db7a-c2a871eb08e1" executionId="1def4b48-a294-46f1-833d-d9e486d69b92" testListId="8c84fa94-04c1-424b-9868-57a2d4851a1d" />
    <TestEntry testId="e18f19e2-82b2-24ed-86eb-1efba8380bde" executionId="d5503dbe-1a8a-4e5d-902f-7de44f89b4f5" testListId="8c84fa94-04c1-424b-9868-57a2d4851a1d" />
    <TestEntry testId="18482734-5f25-3dda-e47f-c9109870055a" executionId="57747fab-9301-43dc-b54d-e3c8e37c0787" testListId="8c84fa94-04c1-424b-9868-57a2d4851a1d" />
    <TestEntry testId="fa62f613-e74e-d715-4a0e-d8f01ca7e14e" executionId="da50d987-f97d-44dc-ad31-d1c1a8782944" testListId="8c84fa94-04c1-424b-9868-57a2d4851a1d" />
    <TestEntry testId="f1e382bc-72f0-f215-6683-455d9e8d3e95" executionId="b528b3b2-9ae9-4831-bf9c-5d649a74de39" testListId="8c84fa94-04c1-424b-9868-57a2d4851a1d" />
    <TestEntry testId="70da0f87-25ad-e1c7-bad8-cd43134e8985" executionId="18a031be-a247-482f-a57a-79f3415e9b30" testListId="8c84fa94-04c1-424b-9868-57a2d4851a1d" />
    <TestEntry testId="f9f5478e-7641-d092-dd99-8f8df6e6e5e4" executionId="40a8c0bc-58c4-4b7d-9a79-b52a6c86aff0" testListId="8c84fa94-04c1-424b-9868-57a2d4851a1d" />
    <TestEntry testId="5277f963-076f-cb82-80db-c4a914380305" executionId="133ba14a-0208-489c-b8c0-fdff4337d650" testListId="8c84fa94-04c1-424b-9868-57a2d4851a1d" />
    <TestEntry testId="a5906050-30cb-a35c-9c3b-1ab956023b51" executionId="f758c350-981e-4ed4-9424-c1ed929f91b3" testListId="8c84fa94-04c1-424b-9868-57a2d4851a1d" />
    <TestEntry testId="03cd606c-34ef-61c1-2a20-11c932042f6c" executionId="9b637f7f-9a79-4fb8-afb8-9d6592de8bbd" testListId="8c84fa94-04c1-424b-9868-57a2d4851a1d" />
    <TestEntry testId="7614f708-a25e-8169-348b-f1346b665880" executionId="b3332ca1-0cb2-4bc6-9bb7-dd3da530f3ee" testListId="8c84fa94-04c1-424b-9868-57a2d4851a1d" />
    <TestEntry testId="5946132b-52a3-6e77-1b7e-a63d2890c79c" executionId="4248ffbe-2df8-420c-a07a-282fdce0c496" testListId="8c84fa94-04c1-424b-9868-57a2d4851a1d" />
    <TestEntry testId="aa827e1d-abba-c4a6-5d0c-b6d290fd44b3" executionId="8d578665-d310-494d-84b3-9ade27171aee" testListId="8c84fa94-04c1-424b-9868-57a2d4851a1d" />
    <TestEntry testId="abaadeca-5fd5-540e-25c2-4a8638a1ca62" executionId="b3311cac-5a18-4281-b1b8-bf51508ba436" testListId="8c84fa94-04c1-424b-9868-57a2d4851a1d" />
    <TestEntry testId="e4260cd3-3ad1-f4c9-cf51-340d2414197d" executionId="54bcf9c6-d5a0-4423-94be-20d4598712eb" testListId="8c84fa94-04c1-424b-9868-57a2d4851a1d" />
    <TestEntry testId="107a24b7-be97-c149-8d49-58bc80f0c8ce" executionId="422285b1-caeb-4c22-87b8-6ea78d22fec0" testListId="8c84fa94-04c1-424b-9868-57a2d4851a1d" />
    <TestEntry testId="092cefab-11f3-3b0d-3ef2-d3d6c17c33aa" executionId="56f7ee03-585e-4ade-9aab-0b3eebe27ad9" testListId="8c84fa94-04c1-424b-9868-57a2d4851a1d" />
    <TestEntry testId="1e29aeab-c4ca-fb1c-cc10-7100c9dec017" executionId="c73e7778-c8f3-4d0d-805e-189f1a778b49" testListId="8c84fa94-04c1-424b-9868-57a2d4851a1d" />
    <TestEntry testId="12e58943-933c-e0f2-4de5-ad88f5fc398b" executionId="31b0c922-05c7-46a5-81cd-ed4161915466" testListId="8c84fa94-04c1-424b-9868-57a2d4851a1d" />
    <TestEntry testId="90828821-11f0-f0c1-b7bc-f474b2d61198" executionId="a707262b-4394-4199-81db-b21d91106da8" testListId="8c84fa94-04c1-424b-9868-57a2d4851a1d" />
    <TestEntry testId="6ed7bf85-9af3-9ec3-ac08-533621610f0b" executionId="955b7ff9-96d0-46db-b270-324ca828c1d1" testListId="8c84fa94-04c1-424b-9868-57a2d4851a1d" />
    <TestEntry testId="cf63d5fd-121c-c610-0874-54b174e1bb4b" executionId="64cfc8df-794a-40bf-a9de-ebe47c22f50a" testListId="8c84fa94-04c1-424b-9868-57a2d4851a1d" />
    <TestEntry testId="99d2aaba-e4f3-e436-9355-ff4c6ea7c4ad" executionId="67e4aa5e-d617-4bf1-ada3-65576fec8f49" testListId="8c84fa94-04c1-424b-9868-57a2d4851a1d" />
    <TestEntry testId="3a0b5fbe-6b84-eec8-80de-691ac92786c7" executionId="1b65830b-6abc-4749-aebe-153827fa0eb2" testListId="8c84fa94-04c1-424b-9868-57a2d4851a1d" />
    <TestEntry testId="53bd137f-e032-4fbe-a536-380979ed2ede" executionId="05cff6d2-3926-4cce-82ba-91a0037f26e8" testListId="8c84fa94-04c1-424b-9868-57a2d4851a1d" />
    <TestEntry testId="4b745a9e-eb5d-25f7-5f66-9f7e2a7e9701" executionId="f9ab5d22-b196-4732-bd6c-b6bb307d5518" testListId="8c84fa94-04c1-424b-9868-57a2d4851a1d" />
    <TestEntry testId="33221bce-17f3-2e9a-708f-fcb0d213944e" executionId="74adbadc-3a3c-429d-8ce8-89496ee14874" testListId="8c84fa94-04c1-424b-9868-57a2d4851a1d" />
    <TestEntry testId="2a759faf-ccb3-6ca1-10e7-3ca7ac334f9b" executionId="95b09fa4-3e3f-4851-b75e-91623f86fe23" testListId="8c84fa94-04c1-424b-9868-57a2d4851a1d" />
    <TestEntry testId="32325670-df0e-3cdd-b808-eb6573182d95" executionId="5d6d2243-898c-4da5-93a4-54a891c5bb29" testListId="8c84fa94-04c1-424b-9868-57a2d4851a1d" />
    <TestEntry testId="b9904de8-0ea1-b67e-15e2-0a00b8013434" executionId="a000a9a6-5f0c-49fd-ba46-4f1fa7a45aa6" testListId="8c84fa94-04c1-424b-9868-57a2d4851a1d" />
    <TestEntry testId="b42dbf5b-23db-30cc-73b8-51e71fffe0f6" executionId="6201be65-a99c-4ce8-856e-c7b79a181816" testListId="8c84fa94-04c1-424b-9868-57a2d4851a1d" />
    <TestEntry testId="770a81d4-e9aa-1900-3754-7a5ececf383e" executionId="930279e5-ee91-4c40-860b-7bf6137abd98" testListId="8c84fa94-04c1-424b-9868-57a2d4851a1d" />
    <TestEntry testId="fae4b691-a762-107a-91ee-a4a42d926822" executionId="ed4e4640-4bb4-4b95-82e6-8430525c0eb7" testListId="8c84fa94-04c1-424b-9868-57a2d4851a1d" />
    <TestEntry testId="3e7069c5-4162-17f8-2bf0-10a07ba6b834" executionId="d92b7ed7-4924-4cb7-a63f-36d5299d400e" testListId="8c84fa94-04c1-424b-9868-57a2d4851a1d" />
    <TestEntry testId="c29ba8be-4db5-4945-b3d6-d8e9eec0fadb" executionId="9bec0fe1-ad23-44df-849b-5d10e23d11d0" testListId="8c84fa94-04c1-424b-9868-57a2d4851a1d" />
    <TestEntry testId="d95b70f9-583a-60a5-70ac-8d48fe13ca84" executionId="ca7bec48-62f6-40e2-9f6b-9d17e30f4c65" testListId="8c84fa94-04c1-424b-9868-57a2d4851a1d" />
    <TestEntry testId="b836f1ac-74b7-4c0e-e4b9-abe9244c1343" executionId="7cdf2249-503f-410e-bf1c-51aed6a36d1f" testListId="8c84fa94-04c1-424b-9868-57a2d4851a1d" />
    <TestEntry testId="de6eaa4a-8c3f-a697-34ad-3f0dba22ff70" executionId="f7140e57-2dd3-4c6a-aa5b-186954c282a1" testListId="8c84fa94-04c1-424b-9868-57a2d4851a1d" />
    <TestEntry testId="833df738-cfe9-5a74-e746-e23f4256e252" executionId="0025396f-3daf-442b-b96e-cd4560ad361e" testListId="8c84fa94-04c1-424b-9868-57a2d4851a1d" />
    <TestEntry testId="f81b58cb-f829-44bc-2646-01982eecedd1" executionId="b01016ee-49d5-4328-a1cd-49a4cf9f6c9e" testListId="8c84fa94-04c1-424b-9868-57a2d4851a1d" />
    <TestEntry testId="9b9e972f-154a-9478-096b-61ce84e70318" executionId="adf5c312-7dcc-4004-ad39-f3710d91a7fb" testListId="8c84fa94-04c1-424b-9868-57a2d4851a1d" />
    <TestEntry testId="669ef5c8-ee4e-83dd-17d8-c5c9d32256ca" executionId="46dd6e1e-59a3-432d-8e35-9726f47e75af" testListId="8c84fa94-04c1-424b-9868-57a2d4851a1d" />
    <TestEntry testId="450de30f-1c97-fea7-a593-30394479b75f" executionId="23f68e47-dc7f-410d-ada4-eace006ff101" testListId="8c84fa94-04c1-424b-9868-57a2d4851a1d" />
    <TestEntry testId="65ac97c8-c3ac-918c-012f-6f95395ce0bf" executionId="11169cba-94a2-40c0-8cdd-ce8b4a650340" testListId="8c84fa94-04c1-424b-9868-57a2d4851a1d" />
    <TestEntry testId="06ffc801-494f-7722-9e62-1627a6c3d85c" executionId="b17d6ad7-b45c-48cc-8867-3bfc60d3a3ab" testListId="8c84fa94-04c1-424b-9868-57a2d4851a1d" />
    <TestEntry testId="d2016b7b-8980-7709-8349-93568995b559" executionId="e9c46f9f-82d2-4500-ae35-62837eda3e56" testListId="8c84fa94-04c1-424b-9868-57a2d4851a1d" />
    <TestEntry testId="895d829a-8974-5366-9db6-d97c18cc0890" executionId="2024336a-9bca-4527-bd37-f0abb2d50be0" testListId="8c84fa94-04c1-424b-9868-57a2d4851a1d" />
    <TestEntry testId="a688e136-7e87-8ada-4bc0-475c144e3ad0" executionId="ef76e0eb-4cf0-4338-a559-1bc98a6bce0a" testListId="8c84fa94-04c1-424b-9868-57a2d4851a1d" />
    <TestEntry testId="aa3fd276-438e-8343-2caa-0d2e8d7bb9ec" executionId="90d3d4d4-8bb6-41dd-ad9d-55515f0abe7b" testListId="8c84fa94-04c1-424b-9868-57a2d4851a1d" />
    <TestEntry testId="1c4b17cf-22ac-a1dd-db15-d06d566d7b51" executionId="28262129-ee1b-4aa1-857b-4bdc6e93b6de" testListId="8c84fa94-04c1-424b-9868-57a2d4851a1d" />
    <TestEntry testId="bf77aa3f-92cd-74f6-8f24-0d6defca6f58" executionId="616f57d4-27a0-4fbc-a8ee-83ffe2f6699b" testListId="8c84fa94-04c1-424b-9868-57a2d4851a1d" />
    <TestEntry testId="9c68b1ff-5569-f495-b194-89bc6e7980cc" executionId="73087ed5-06b9-473e-ba78-7b0cdc568c24" testListId="8c84fa94-04c1-424b-9868-57a2d4851a1d" />
  </TestEntries>
  <TestLists>
    <TestList name="Results Not in a List" id="8c84fa94-04c1-424b-9868-57a2d4851a1d" />
    <TestList name="All Loaded Results" id="19431567-8539-422a-85d7-44ee4e166bda" />
  </TestLists>
  <ResultSummary outcome="Completed">
    <Counters total="85" executed="84" passed="84" failed="0" error="0" timeout="0" aborted="0" inconclusive="0" passedButRunAborted="0" notRunnable="0" notExecuted="0" disconnected="0" warning="0" completed="0" inProgress="0" pending="0" />
    <Output>
      <StdOut>[xUnit.net 00:00:00.00] xUnit.net VSTest Adapter v3.1.5+1b188a7b0a (64-bit .NET 10.0.10)&#xD;
[xUnit.net 00:00:00.33]   Discovering: WindowsUpdateAndPackageManager.Tests&#xD;
[xUnit.net 00:00:00.49]   Discovered:  WindowsUpdateAndPackageManager.Tests&#xD;
[xUnit.net 00:00:00.58]   Starting:    WindowsUpdateAndPackageManager.Tests&#xD;
[xUnit.net 00:00:00.84]       Requires Windows, administrator privileges, and a real WIM/FS layout. Use `dotnet test --filter "FullyQualifiedName~OfflineImageIntegrationTests"` on Windows to run.&#xD;
Test 'WindowsUpdateAndPackageManager.Tests.OfflineImageIntegrationTests.MountAndDismount_real_wim_requires_admin' was skipped in the test run.&#xD;
[xUnit.net 00:00:05.66]   Finished:    WindowsUpdateAndPackageManager.Tests&#xD;
</StdOut>
    </Output>
    <RunInfos>
      <RunInfo computerName="LUCI" outcome="Warning" timestamp="2026-08-11T21:58:25.5335874-04:00">
        <Text>[xUnit.net 00:00:00.81]     WindowsUpdateAndPackageManager.Tests.OfflineImageIntegrationTests.MountAndDismount_real_wim_requires_admin [SKIP]</Text>
      </RunInfo>
    </RunInfos>
  </ResultSummary>
</TestRun>